#
# There is insufficient memory for the Java Runtime Environment to continue.
# Native memory allocation (mmap) failed to map 67108864 bytes for G1 virtual space
# Possible reasons:
#   The system is out of physical RAM or swap space
#   The process is running with CompressedOops enabled, and the Java Heap may be blocking the growth of the native heap
# Possible solutions:
#   Reduce memory load on the system
#   Increase physical memory or swap space
#   Check if swap backing store is full
#   Decrease Java heap size (-Xmx/-Xms)
#   Decrease number of Java threads
#   Decrease Java thread stack sizes (-Xss)
#   Set larger code cache with -XX:ReservedCodeCacheSize=
#   JVM is running with Unscaled Compressed Oops mode in which the Java heap is
#     placed in the first 4GB address space. The Java Heap base address is the
#     maximum limit for the native heap growth. Please use -XX:HeapBaseMinAddress
#     to set the Java Heap base and to place the Java Heap above 4GB virtual address.
# This output file may be truncated or incomplete.
#
#  Out of Memory Error (os_windows.cpp:3617), pid=9424, tid=10260
#
# JRE version:  (17.0.8+7) (build )
# Java VM: OpenJDK 64-Bit Server VM (17.0.8+7-LTS, mixed mode, sharing, tiered, compressed oops, compressed class ptrs, g1 gc, windows-amd64)
# No core dump will be written. Minidumps are not enabled by default on client versions of Windows
#

---------------  S U M M A R Y ------------

Command Line: -Xmx64m -Xms64m -Dorg.gradle.appname=gradlew org.gradle.wrapper.GradleWrapperMain app:installDebug -PreactNativeDevServerPort=8081

Host: Intel(R) Xeon(R) CPU E3-1225 V2 @ 3.20GHz, 4 cores, 23G,  Windows 10 , 64 bit Build 19041 (10.0.19041.3636)
Time: Wed Feb  7 19:46:58 2024 Russia TZ 2 Standard Time elapsed time: 0.015556 seconds (0d 0h 0m 0s)

---------------  T H R E A D  ---------------

Current thread (0x0000020c7a412f30):  JavaThread "Unknown thread" [_thread_in_vm, id=10260, stack(0x000000489c000000,0x000000489c100000)]

Stack: [0x000000489c000000,0x000000489c100000]
Native frames: (J=compiled Java code, j=interpreted, Vv=VM code, C=native code)
V  [jvm.dll+0x67bf3a]
V  [jvm.dll+0x83a024]
V  [jvm.dll+0x83b7ce]
V  [jvm.dll+0x83be33]
V  [jvm.dll+0x24785f]
V  [jvm.dll+0x678cb9]
V  [jvm.dll+0x66d54a]
V  [jvm.dll+0x308feb]
V  [jvm.dll+0x310496]
V  [jvm.dll+0x36019e]
V  [jvm.dll+0x3603cf]
V  [jvm.dll+0x2dff38]
V  [jvm.dll+0x2e0ea4]
V  [jvm.dll+0x80bca1]
V  [jvm.dll+0x36df61]
V  [jvm.dll+0x7eafac]
V  [jvm.dll+0x3f0c8f]
V  [jvm.dll+0x3f28a1]
C  [jli.dll+0x528f]
C  [ucrtbase.dll+0x21bb2]
C  [KERNEL32.DLL+0x17344]
C  [ntdll.dll+0x526b1]


---------------  P R O C E S S  ---------------

Threads class SMR info:
_java_thread_list=0x00007ffc252e3058, length=0, elements={
}

Java Threads: ( => current thread )

Other Threads:
  0x0000020c7a431860 GCTaskThread "GC Thread#0" [stack: 0x000000489c100000,0x000000489c200000] [id=2948]
  0x0000020c7a432fb0 ConcurrentGCThread "G1 Main Marker" [stack: 0x000000489c200000,0x000000489c300000] [id=2072]
  0x0000020c7a434770 ConcurrentGCThread "G1 Conc#0" [stack: 0x000000489c300000,0x000000489c400000] [id=10464]

[error occurred during error reporting (printing all threads), id 0xc0000005, EXCEPTION_ACCESS_VIOLATION (0xc0000005) at pc=0x00007ffc24aa0927]

VM state: not at safepoint (not fully initialized)

VM Mutex/Monitor currently owned by a thread:  ([mutex/lock_event])
[0x0000020c7a40e2c0] Heap_lock - owner thread: 0x0000020c7a412f30

Heap address: 0x00000000fc000000, size: 64 MB, Compressed Oops mode: 32-bit

CDS archive(s) mapped at: [0x0000000000000000-0x0000000000000000-0x0000000000000000), size 0, SharedBaseAddress: 0x0000000800000000, ArchiveRelocationMode: 1.
Narrow klass base: 0x0000000000000000, Narrow klass shift: 0, Narrow klass range: 0x0

GC Precious Log:
<Empty>

Heap:
 garbage-first heap   total 0K, used 0K [0x00000000fc000000, 0x0000000100000000)
  region size 1024K, 0 young (0K), 0 survivors (0K)

[error occurred during error reporting (printing heap information), id 0xc0000005, EXCEPTION_ACCESS_VIOLATION (0xc0000005) at pc=0x00007ffc24e85fc9]

GC Heap History (0 events):
No events

Dll operation events (1 events):
Event: 0.005 Loaded shared library C:\Program Files\Microsoft\jdk-17.0.8.7-hotspot\bin\java.dll

Deoptimization events (0 events):
No events

Classes unloaded (0 events):
No events

Classes redefined (0 events):
No events

Internal exceptions (0 events):
No events

VM Operations (0 events):
No events

Events (0 events):
No events


Dynamic libraries:
0x00007ff7c5cf0000 - 0x00007ff7c5cfe000 	C:\Program Files\Microsoft\jdk-17.0.8.7-hotspot\bin\java.exe
0x00007ffcdb330000 - 0x00007ffcdb528000 	C:\Windows\SYSTEM32\ntdll.dll
0x00007ffcd9f90000 - 0x00007ffcda04d000 	C:\Windows\System32\KERNEL32.DLL
0x00007ffcd8f60000 - 0x00007ffcd9256000 	C:\Windows\System32\KERNELBASE.dll
0x00007ffcd8e30000 - 0x00007ffcd8f30000 	C:\Windows\System32\ucrtbase.dll
0x00007ffcccee0000 - 0x00007ffcccefb000 	C:\Program Files\Microsoft\jdk-17.0.8.7-hotspot\bin\VCRUNTIME140.dll
0x00007ffcd4030000 - 0x00007ffcd4047000 	C:\Program Files\Microsoft\jdk-17.0.8.7-hotspot\bin\jli.dll
0x00007ffcdb150000 - 0x00007ffcdb2ee000 	C:\Windows\System32\USER32.dll
0x00007ffcd8c60000 - 0x00007ffcd8c82000 	C:\Windows\System32\win32u.dll
0x00007ffcbbb80000 - 0x00007ffcbbe1a000 	C:\Windows\WinSxS\amd64_microsoft.windows.common-controls_6595b64144ccf1df_6.0.19041.3636_none_60b6a03d71f818d5\COMCTL32.dll
0x00007ffcdac30000 - 0x00007ffcdacce000 	C:\Windows\System32\msvcrt.dll
0x00007ffcd9560000 - 0x00007ffcd958c000 	C:\Windows\System32\GDI32.dll
0x00007ffcd9260000 - 0x00007ffcd937a000 	C:\Windows\System32\gdi32full.dll
0x00007ffcd8d20000 - 0x00007ffcd8dbd000 	C:\Windows\System32\msvcp_win.dll
0x00007ffcd9530000 - 0x00007ffcd9560000 	C:\Windows\System32\IMM32.DLL
0x00007ffcd4010000 - 0x00007ffcd401c000 	C:\Program Files\Microsoft\jdk-17.0.8.7-hotspot\bin\vcruntime140_1.dll
0x00007ffc92780000 - 0x00007ffc9280d000 	C:\Program Files\Microsoft\jdk-17.0.8.7-hotspot\bin\msvcp140.dll
0x00007ffc247b0000 - 0x00007ffc25415000 	C:\Program Files\Microsoft\jdk-17.0.8.7-hotspot\bin\server\jvm.dll
0x00007ffcd9ab0000 - 0x00007ffcd9b63000 	C:\Windows\System32\ADVAPI32.dll
0x00007ffcd9380000 - 0x00007ffcd941f000 	C:\Windows\System32\sechost.dll
0x00007ffcd9980000 - 0x00007ffcd9aa6000 	C:\Windows\System32\RPCRT4.dll
0x00007ffcd8f30000 - 0x00007ffcd8f57000 	C:\Windows\System32\bcrypt.dll
0x00007ffcd7f10000 - 0x00007ffcd7f5b000 	C:\Windows\SYSTEM32\POWRPROF.dll
0x00007ffcc66e0000 - 0x00007ffcc66e9000 	C:\Windows\SYSTEM32\WSOCK32.dll
0x00007ffcd9e50000 - 0x00007ffcd9ebb000 	C:\Windows\System32\WS2_32.dll
0x00007ffccccd0000 - 0x00007ffccccf7000 	C:\Windows\SYSTEM32\WINMM.dll
0x00007ffccdfd0000 - 0x00007ffccdfda000 	C:\Windows\SYSTEM32\VERSION.dll
0x00007ffcd7dd0000 - 0x00007ffcd7de2000 	C:\Windows\SYSTEM32\UMPDC.dll
0x00007ffcd6890000 - 0x00007ffcd68a2000 	C:\Windows\SYSTEM32\kernel.appcore.dll
0x00007ffcc66d0000 - 0x00007ffcc66da000 	C:\Program Files\Microsoft\jdk-17.0.8.7-hotspot\bin\jimage.dll
0x00007ffcd02d0000 - 0x00007ffcd04b4000 	C:\Windows\SYSTEM32\DBGHELP.DLL
0x00007ffcc1c00000 - 0x00007ffcc1c34000 	C:\Windows\SYSTEM32\dbgcore.DLL
0x00007ffcd8c90000 - 0x00007ffcd8d12000 	C:\Windows\System32\bcryptPrimitives.dll
0x00007ffcc1e40000 - 0x00007ffcc1e65000 	C:\Program Files\Microsoft\jdk-17.0.8.7-hotspot\bin\java.dll

dbghelp: loaded successfully - version: 4.0.5 - missing functions: none
symbol engine: initialized successfully - sym options: 0x614 - pdb path: .;C:\Program Files\Microsoft\jdk-17.0.8.7-hotspot\bin;C:\Windows\SYSTEM32;C:\Windows\WinSxS\amd64_microsoft.windows.common-controls_6595b64144ccf1df_6.0.19041.3636_none_60b6a03d71f818d5;C:\Program Files\Microsoft\jdk-17.0.8.7-hotspot\bin\server

VM Arguments:
jvm_args: -Xmx64m -Xms64m -Dorg.gradle.appname=gradlew 
java_command: org.gradle.wrapper.GradleWrapperMain app:installDebug -PreactNativeDevServerPort=8081
java_class_path (initial): C:\Users\1more.attempt\Desktop\sprint1\ITA-Labs-2024-T3-Mobile\android\\gradle\wrapper\gradle-wrapper.jar
Launcher Type: SUN_STANDARD

[Global flags]
     intx CICompilerCount                          = 3                                         {product} {ergonomic}
     uint ConcGCThreads                            = 1                                         {product} {ergonomic}
     uint G1ConcRefinementThreads                  = 4                                         {product} {ergonomic}
   size_t G1HeapRegionSize                         = 1048576                                   {product} {ergonomic}
    uintx GCDrainStackTargetSize                   = 64                                        {product} {ergonomic}
   size_t InitialHeapSize                          = 67108864                                  {product} {command line}
   size_t MarkStackSize                            = 4194304                                   {product} {ergonomic}
   size_t MaxHeapSize                              = 67108864                                  {product} {command line}
   size_t MinHeapDeltaBytes                        = 1048576                                   {product} {ergonomic}
   size_t MinHeapSize                              = 67108864                                  {product} {command line}
    uintx NonNMethodCodeHeapSize                   = 5832780                                {pd product} {ergonomic}
    uintx NonProfiledCodeHeapSize                  = 122912730                              {pd product} {ergonomic}
    uintx ProfiledCodeHeapSize                     = 122912730                              {pd product} {ergonomic}
    uintx ReservedCodeCacheSize                    = 251658240                              {pd product} {ergonomic}
     bool SegmentedCodeCache                       = true                                      {product} {ergonomic}
   size_t SoftMaxHeapSize                          = 67108864                               {manageable} {ergonomic}
     bool UseCompressedClassPointers               = true                           {product lp64_product} {ergonomic}
     bool UseCompressedOops                        = true                           {product lp64_product} {ergonomic}
     bool UseG1GC                                  = true                                      {product} {ergonomic}
     bool UseLargePagesIndividualAllocation        = false                                  {pd product} {ergonomic}

Logging:
Log output configuration:
 #0: stdout all=warning uptime,level,tags
 #1: stderr all=off uptime,level,tags

Environment Variables:
JAVA_HOME=C:\Program Files\Microsoft\jdk-17.0.8.7-hotspot\
CLASSPATH=C:\Users\1more.attempt\Desktop\sprint1\ITA-Labs-2024-T3-Mobile\android\\gradle\wrapper\gradle-wrapper.jar
PATH=C:\Users\1more.attempt\Desktop\sprint1\ITA-Labs-2024-T3-Mobile\node_modules\.bin;C:\Users\1more.attempt\Desktop\sprint1\ITA-Labs-2024-T3-Mobile\node_modules\.bin;C:\Users\1more.attempt\Desktop\sprint1\node_modules\.bin;C:\Users\1more.attempt\Desktop\node_modules\.bin;C:\Users\1more.attempt\node_modules\.bin;C:\Users\node_modules\.bin;C:\node_modules\.bin;C:\Users\1more.attempt\Desktop\sprint1\ITA-Labs-2024-T3-Mobile\node_modules\npm\node_modules\@npmcli\run-script\lib\node-gyp-bin;C:\Users\1more.attempt\Desktop\sprint1\ITA-Labs-2024-T3-Mobile\node_modules\.bin;C:\Users\1more.attempt\Desktop\sprint1\ITA-Labs-2024-T3-Mobile\node_modules\.bin;C:\Users\1more.attempt\Desktop\sprint1\node_modules\.bin;C:\Users\1more.attempt\Desktop\node_modules\.bin;C:\Users\1more.attempt\node_modules\.bin;C:\Users\node_modules\.bin;C:\node_modules\.bin;C:\Program Files\nodejs\node_modules\npm\node_modules\@npmcli\run-script\lib\node-gyp-bin;C:\Program Files\Microsoft\jdk-17.0.8.7-hotspot\bin;C:\Program Files (x86)\Intel\iCLS Client\;C:\Program Files\Intel\iCLS Client\;C:\Windows\system32;C:\Windows;C:\Windows\System32\Wbem;C:\Windows\System32\WindowsPowerShell\v1.0\;C:\Windows\System32\OpenSSH\;C:\Program Files (x86)\Intel\Intel(R) Management Engine Components\DAL;C:\Program Files\Intel\Intel(R) Management Engine Components\DAL;C:\Program Files (x86)\Intel\Intel(R) Management Engine Components\IPT;C:\Program Files\Intel\Intel(R) Management Engine Components\IPT;C:\Program Files\Git\cmd;C:\Program Files\Microsoft VS Code\bin;C:\ProgramData\chocolatey\bin;C:\Program Files\nodejs\;C:\Program Files\OpenSSL-Win64\bin;C:\Users\1more.attempt\AppData\Local\Microsoft\WindowsApps;C:\Users\1more.attempt\AppData\Roaming\npm;C:\Users\1more.attempt\AppData\Local\Android\Sdk\platform-tools;
USERNAME=1more.attempt
LANG=en_US.UTF-8
OS=Windows_NT
PROCESSOR_IDENTIFIER=Intel64 Family 6 Model 58 Stepping 9, GenuineIntel
TMP=C:\Users\1MORE~1.ATT\AppData\Local\Temp
TEMP=C:\Users\1MORE~1.ATT\AppData\Local\Temp



---------------  S Y S T E M  ---------------

OS:
 Windows 10 , 64 bit Build 19041 (10.0.19041.3636)
OS uptime: 0 days 18:57 hours
Hyper-V role detected

CPU: total 4 (initial active 4) (4 cores per cpu, 1 threads per core) family 6 model 58 stepping 9 microcode 0x21, cx8, cmov, fxsr, mmx, sse, sse2, sse3, ssse3, sse4.1, sse4.2, popcnt, tsc, tscinvbit, avx, aes, erms, clmul, vzeroupper, clflush, hv
Processor Information for all 4 processors :
  Max Mhz: 3201, Current Mhz: 3201, Mhz Limit: 3201

Memory: 4k page, system-wide physical 24453M (3523M free)
TotalPageFile size 24453M (AvailPageFile size 30M)
current process WorkingSet (physical memory assigned to process): 10M, peak: 10M
current process commit charge ("private bytes"): 51M, peak: 115M

vm_info: OpenJDK 64-Bit Server VM (17.0.8+7-LTS) for windows-amd64 JRE (17.0.8+7-LTS), built on Jul  7 2023 17:21:55 by "MicrosoftCorporation" with MS VC++ 16.10 / 16.11 (VS2019)

END.
