#
# There is insufficient memory for the Java Runtime Environment to continue.
# Native memory allocation (mmap) failed to map 402653184 bytes for G1 virtual space
# Possible reasons:
#   The system is out of physical RAM or swap space
#   The process is running with CompressedOops enabled, and the Java Heap may be blocking the growth of the native heap
# Possible solutions:
#   Reduce memory load on the system
#   Increase physical memory or swap space
#   Check if swap backing store is full
#   Decrease Java heap size (-Xmx/-Xms)
#   Decrease number of Java threads
#   Decrease Java thread stack sizes (-Xss)
#   Set larger code cache with -XX:ReservedCodeCacheSize=
#   JVM is running with Zero Based Compressed Oops mode in which the Java heap is
#     placed in the first 32GB address space. The Java Heap base address is the
#     maximum limit for the native heap growth. Please use -XX:HeapBaseMinAddress
#     to set the Java Heap base and to place the Java Heap above 32GB virtual address.
# This output file may be truncated or incomplete.
#
#  Out of Memory Error (os_windows.cpp:3617), pid=5728, tid=6256
#
# JRE version:  (17.0.8+7) (build )
# Java VM: OpenJDK 64-Bit Server VM (17.0.8+7-LTS, mixed mode, sharing, tiered, compressed oops, compressed class ptrs, g1 gc, windows-amd64)
# No core dump will be written. Minidumps are not enabled by default on client versions of Windows
#

---------------  S U M M A R Y ------------

Command Line: org.jetbrains.kotlin.cli.jvm.K2JVMCompiler @C:\Users\1more.attempt\Desktop\agroex\ITA-Labs-2024-T3-Mobile\android\app\build\20240325_9984663864149602827.compiler.options

Host: Intel(R) Xeon(R) CPU E3-1225 V2 @ 3.20GHz, 4 cores, 23G,  Windows 10 , 64 bit Build 19041 (10.0.19041.3636)
Time: Mon Mar 25 21:11:06 2024 Russia TZ 2 Standard Time elapsed time: 0.014544 seconds (0d 0h 0m 0s)

---------------  T H R E A D  ---------------

Current thread (0x00000271505947d0):  JavaThread "Unknown thread" [_thread_in_vm, id=6256, stack(0x000000ecf8600000,0x000000ecf8700000)]

Stack: [0x000000ecf8600000,0x000000ecf8700000]
Native frames: (J=compiled Java code, j=interpreted, Vv=VM code, C=native code)
V  [jvm.dll+0x67bf3a]
V  [jvm.dll+0x83a024]
V  [jvm.dll+0x83b7ce]
V  [jvm.dll+0x83be33]
V  [jvm.dll+0x24785f]
V  [jvm.dll+0x678cb9]
V  [jvm.dll+0x66d54a]
V  [jvm.dll+0x308feb]
V  [jvm.dll+0x310496]
V  [jvm.dll+0x36019e]
V  [jvm.dll+0x3603cf]
V  [jvm.dll+0x2dff38]
V  [jvm.dll+0x2e0ea4]
V  [jvm.dll+0x80bca1]
V  [jvm.dll+0x36df61]
V  [jvm.dll+0x7eafac]
V  [jvm.dll+0x3f0c8f]
V  [jvm.dll+0x3f28a1]
C  [jli.dll+0x528f]
C  [ucrtbase.dll+0x21bb2]
C  [KERNEL32.DLL+0x17344]
C  [ntdll.dll+0x526b1]


---------------  P R O C E S S  ---------------

Threads class SMR info:
_java_thread_list=0x00007ffa76673058, length=0, elements={
}

Java Threads: ( => current thread )

Other Threads:
  0x000002715061c120 GCTaskThread "GC Thread#0" [stack: 0x000000ecf8700000,0x000000ecf8800000] [id=13520]
  0x0000027150628f80 ConcurrentGCThread "G1 Main Marker" [stack: 0x000000ecf8800000,0x000000ecf8900000] [id=17172]
  0x000002715062a130 ConcurrentGCThread "G1 Conc#0" [stack: 0x000000ecf8900000,0x000000ecf8a00000] [id=15676]

[error occurred during error reporting (printing all threads), id 0xc0000005, EXCEPTION_ACCESS_VIOLATION (0xc0000005) at pc=0x00007ffa75e30927]

VM state: not at safepoint (not fully initialized)

VM Mutex/Monitor currently owned by a thread:  ([mutex/lock_event])
[0x000002715058f380] Heap_lock - owner thread: 0x00000271505947d0

Heap address: 0x0000000681c00000, size: 6116 MB, Compressed Oops mode: Zero based, Oop shift amount: 3

CDS archive(s) mapped at: [0x0000000000000000-0x0000000000000000-0x0000000000000000), size 0, SharedBaseAddress: 0x0000000800000000, ArchiveRelocationMode: 1.
Narrow klass base: 0x0000000000000000, Narrow klass shift: 0, Narrow klass range: 0x0

GC Precious Log:
<Empty>

Heap:
 garbage-first heap   total 0K, used 0K [0x0000000681c00000, 0x0000000800000000)
  region size 4096K, 0 young (0K), 0 survivors (0K)

[error occurred during error reporting (printing heap information), id 0xc0000005, EXCEPTION_ACCESS_VIOLATION (0xc0000005) at pc=0x00007ffa76215fc9]

GC Heap History (0 events):
No events

Dll operation events (1 events):
Event: 0.009 Loaded shared library C:\Program Files\Microsoft\jdk-17.0.8.7-hotspot\bin\java.dll

Deoptimization events (0 events):
No events

Classes unloaded (0 events):
No events

Classes redefined (0 events):
No events

Internal exceptions (0 events):
No events

VM Operations (0 events):
No events

Events (0 events):
No events


Dynamic libraries:
0x00007ff7b1d70000 - 0x00007ff7b1d7e000 	C:\Program Files\Microsoft\jdk-17.0.8.7-hotspot\bin\java.exe
0x00007ffb1ae90000 - 0x00007ffb1b088000 	C:\Windows\SYSTEM32\ntdll.dll
0x00007ffb18fa0000 - 0x00007ffb1905d000 	C:\Windows\System32\KERNEL32.DLL
0x00007ffb18800000 - 0x00007ffb18af6000 	C:\Windows\System32\KERNELBASE.dll
0x00007ffb18700000 - 0x00007ffb18800000 	C:\Windows\System32\ucrtbase.dll
0x00007ffb063d0000 - 0x00007ffb063eb000 	C:\Program Files\Microsoft\jdk-17.0.8.7-hotspot\bin\VCRUNTIME140.dll
0x00007ffb06cb0000 - 0x00007ffb06cc7000 	C:\Program Files\Microsoft\jdk-17.0.8.7-hotspot\bin\jli.dll
0x00007ffb195c0000 - 0x00007ffb1975e000 	C:\Windows\System32\USER32.dll
0x00007ffafb4e0000 - 0x00007ffafb77a000 	C:\Windows\WinSxS\amd64_microsoft.windows.common-controls_6595b64144ccf1df_6.0.19041.3636_none_60b6a03d71f818d5\COMCTL32.dll
0x00007ffb19f90000 - 0x00007ffb1a02e000 	C:\Windows\System32\msvcrt.dll
0x00007ffb19190000 - 0x00007ffb191bb000 	C:\Windows\System32\GDI32.dll
0x00007ffb18df0000 - 0x00007ffb18e12000 	C:\Windows\System32\win32u.dll
0x00007ffb185e0000 - 0x00007ffb186f7000 	C:\Windows\System32\gdi32full.dll
0x00007ffb18540000 - 0x00007ffb185dd000 	C:\Windows\System32\msvcp_win.dll
0x00007ffb1a150000 - 0x00007ffb1a182000 	C:\Windows\System32\IMM32.DLL
0x00007ffb13f40000 - 0x00007ffb13f4c000 	C:\Program Files\Microsoft\jdk-17.0.8.7-hotspot\bin\vcruntime140_1.dll
0x00007ffaf4e20000 - 0x00007ffaf4ead000 	C:\Program Files\Microsoft\jdk-17.0.8.7-hotspot\bin\msvcp140.dll
0x00007ffa75b40000 - 0x00007ffa767a5000 	C:\Program Files\Microsoft\jdk-17.0.8.7-hotspot\bin\server\jvm.dll
0x00007ffb1a7c0000 - 0x00007ffb1a870000 	C:\Windows\System32\ADVAPI32.dll
0x00007ffb19520000 - 0x00007ffb195c0000 	C:\Windows\System32\sechost.dll
0x00007ffb1a240000 - 0x00007ffb1a365000 	C:\Windows\System32\RPCRT4.dll
0x00007ffb18e90000 - 0x00007ffb18eb7000 	C:\Windows\System32\bcrypt.dll
0x00007ffb17aa0000 - 0x00007ffb17aeb000 	C:\Windows\SYSTEM32\POWRPROF.dll
0x00007ffb0eab0000 - 0x00007ffb0eab9000 	C:\Windows\SYSTEM32\WSOCK32.dll
0x00007ffb0c9d0000 - 0x00007ffb0c9f7000 	C:\Windows\SYSTEM32\WINMM.dll
0x00007ffb1a970000 - 0x00007ffb1a9db000 	C:\Windows\System32\WS2_32.dll
0x00007ffb0e800000 - 0x00007ffb0e80a000 	C:\Windows\SYSTEM32\VERSION.dll
0x00007ffb17910000 - 0x00007ffb17922000 	C:\Windows\SYSTEM32\UMPDC.dll
0x00007ffb163d0000 - 0x00007ffb163e2000 	C:\Windows\SYSTEM32\kernel.appcore.dll
0x00007ffb076f0000 - 0x00007ffb076fa000 	C:\Program Files\Microsoft\jdk-17.0.8.7-hotspot\bin\jimage.dll
0x00007ffb0fea0000 - 0x00007ffb10084000 	C:\Windows\SYSTEM32\DBGHELP.DLL
0x00007ffb01700000 - 0x00007ffb01734000 	C:\Windows\SYSTEM32\dbgcore.DLL
0x00007ffb18b00000 - 0x00007ffb18b82000 	C:\Windows\System32\bcryptPrimitives.dll
0x00007ffb036a0000 - 0x00007ffb036c5000 	C:\Program Files\Microsoft\jdk-17.0.8.7-hotspot\bin\java.dll

dbghelp: loaded successfully - version: 4.0.5 - missing functions: none
symbol engine: initialized successfully - sym options: 0x614 - pdb path: .;C:\Program Files\Microsoft\jdk-17.0.8.7-hotspot\bin;C:\Windows\SYSTEM32;C:\Windows\WinSxS\amd64_microsoft.windows.common-controls_6595b64144ccf1df_6.0.19041.3636_none_60b6a03d71f818d5;C:\Program Files\Microsoft\jdk-17.0.8.7-hotspot\bin\server

VM Arguments:
java_command: org.jetbrains.kotlin.cli.jvm.K2JVMCompiler @C:\Users\1more.attempt\Desktop\agroex\ITA-Labs-2024-T3-Mobile\android\app\build\20240325_9984663864149602827.compiler.options
java_class_path (initial): C:\Users\1more.attempt\.gradle\caches\modules-2\files-2.1\org.jetbrains.kotlin\kotlin-compiler-embeddable\1.8.0\eb9118d4bcceaa2a94b2ae2a33a4ddba7c9a947f\kotlin-compiler-embeddable-1.8.0.jar;C:\Users\1more.attempt\.gradle\caches\modules-2\files-2.1\org.jetbrains.kotlin\kotlin-stdlib\1.8.0\1796921c7a3e2e2665a83e6c8d33399336cd39bc\kotlin-stdlib-1.8.0.jar;C:\Users\1more.attempt\.gradle\caches\modules-2\files-2.1\org.jetbrains.kotlin\kotlin-script-runtime\1.8.0\b2f7e760d283cb339974851c222a4c1d48f2d3d\kotlin-script-runtime-1.8.0.jar;C:\Users\1more.attempt\.gradle\caches\modules-2\files-2.1\org.jetbrains.kotlin\kotlin-reflect\1.6.10\1cbe9c92c12a94eea200d23c2bbaedaf3daf5132\kotlin-reflect-1.6.10.jar;C:\Users\1more.attempt\.gradle\caches\modules-2\files-2.1\org.jetbrains.kotlin\kotlin-daemon-embeddable\1.8.0\d255216c551685dc3a7e852b53617f5f01aaaa5c\kotlin-daemon-embeddable-1.8.0.jar;C:\Users\1more.attempt\.gradle\caches\modules-2\files-2.1\org.jetbrains.intellij.deps\trove4j\1.0.20200330\3afb14d5f9ceb459d724e907a21145e8ff394f02\trove4j-1.0.20200330.jar;C:\Users\1more.attempt\.gradle\caches\modules-2\files-2.1\net.java.dev.jna\jna\5.6.0\330f2244e9030119ab3030fc3fededc86713d9cc\jna-5.6.0.jar;C:\Users\1more.attempt\.gradle\caches\modules-2\files-2.1\org.jetbrains.kotlin\kotlin-stdlib-common\1.8.0\f7197e7cc76453ac59f8b0f8d5137cc600becd36\kotlin-stdlib-common-1.8.0.jar;C:\Users\1more.attempt\.gradle\caches\modules-2\files-2.1\org.jetbrains\annotations\13.0\919f0dfe192fb4e063e7dacadee7f8bb9a2672a9\annotations-13.0.jar
Launcher Type: SUN_STANDARD

[Global flags]
     intx CICompilerCount                          = 3                                         {product} {ergonomic}
     uint ConcGCThreads                            = 1                                         {product} {ergonomic}
     uint G1ConcRefinementThreads                  = 4                                         {product} {ergonomic}
   size_t G1HeapRegionSize                         = 4194304                                   {product} {ergonomic}
    uintx GCDrainStackTargetSize                   = 64                                        {product} {ergonomic}
   size_t InitialHeapSize                          = 402653184                                 {product} {ergonomic}
   size_t MarkStackSize                            = 4194304                                   {product} {ergonomic}
   size_t MaxHeapSize                              = 6413090816                                {product} {ergonomic}
   size_t MinHeapDeltaBytes                        = 4194304                                   {product} {ergonomic}
   size_t MinHeapSize                              = 8388608                                   {product} {ergonomic}
    uintx NonNMethodCodeHeapSize                   = 5832780                                {pd product} {ergonomic}
    uintx NonProfiledCodeHeapSize                  = 122912730                              {pd product} {ergonomic}
    uintx ProfiledCodeHeapSize                     = 122912730                              {pd product} {ergonomic}
    uintx ReservedCodeCacheSize                    = 251658240                              {pd product} {ergonomic}
     bool SegmentedCodeCache                       = true                                      {product} {ergonomic}
   size_t SoftMaxHeapSize                          = 6413090816                             {manageable} {ergonomic}
     bool UseCompressedClassPointers               = true                           {product lp64_product} {ergonomic}
     bool UseCompressedOops                        = true                           {product lp64_product} {ergonomic}
     bool UseG1GC                                  = true                                      {product} {ergonomic}
     bool UseLargePagesIndividualAllocation        = false                                  {pd product} {ergonomic}

Logging:
Log output configuration:
 #0: stdout all=warning uptime,level,tags
 #1: stderr all=off uptime,level,tags

Environment Variables:
JAVA_HOME=C:\Program Files\Microsoft\jdk-17.0.8.7-hotspot\
CLASSPATH=C:\Users\1more.attempt\Desktop\agroex\ITA-Labs-2024-T3-Mobile\android\\gradle\wrapper\gradle-wrapper.jar
PATH=C:\Users\1more.attempt\Desktop\agroex\ITA-Labs-2024-T3-Mobile\node_modules\.bin;C:\Users\1more.attempt\Desktop\agroex\ITA-Labs-2024-T3-Mobile\node_modules\.bin;C:\Users\1more.attempt\Desktop\agroex\node_modules\.bin;C:\Users\1more.attempt\Desktop\node_modules\.bin;C:\Users\1more.attempt\node_modules\.bin;C:\Users\node_modules\.bin;C:\node_modules\.bin;C:\Users\1more.attempt\Desktop\agroex\ITA-Labs-2024-T3-Mobile\node_modules\npm\node_modules\@npmcli\run-script\lib\node-gyp-bin;C:\Users\1more.attempt\Desktop\agroex\ITA-Labs-2024-T3-Mobile\node_modules\.bin;C:\Users\1more.attempt\Desktop\agroex\node_modules\.bin;C:\Users\1more.attempt\Desktop\node_modules\.bin;C:\Users\1more.attempt\node_modules\.bin;C:\Users\node_modules\.bin;C:\node_modules\.bin;C:\Program Files\nodejs\node_modules\npm\node_modules\@npmcli\run-script\lib\node-gyp-bin;C:\Program Files\Microsoft\jdk-17.0.8.7-hotspot\bin;C:\Program Files (x86)\Intel\iCLS Client\;C:\Program Files\Intel\iCLS Client\;C:\Windows\system32;C:\Windows;C:\Windows\System32\Wbem;C:\Windows\System32\WindowsPowerShell\v1.0\;C:\Windows\System32\OpenSSH\;C:\Program Files (x86)\Intel\Intel(R) Management Engine Components\DAL;C:\Program Files\Intel\Intel(R) Management Engine Components\DAL;C:\Program Files (x86)\Intel\Intel(R) Management Engine Components\IPT;C:\Program Files\Intel\Intel(R) Management Engine Components\IPT;C:\Program Files\Git\cmd;C:\Program Files\Microsoft VS Code\bin;C:\ProgramData\chocolatey\bin;C:\Program Files\nodejs\;C:\Program Files\OpenSSL-Win64\bin;C:\Users\1more.attempt\AppData\Local\Microsoft\WindowsApps;C:\Users\1more.attempt\AppData\Roaming\npm;C:\Users\1more.attempt\AppData\Local\Android\Sdk\platform-tools;
USERNAME=1more.attempt
LANG=en_US.UTF-8
OS=Windows_NT
PROCESSOR_IDENTIFIER=Intel64 Family 6 Model 58 Stepping 9, GenuineIntel
TMP=C:\Users\1MORE~1.ATT\AppData\Local\Temp
TEMP=C:\Users\1MORE~1.ATT\AppData\Local\Temp



---------------  S Y S T E M  ---------------

OS:
 Windows 10 , 64 bit Build 19041 (10.0.19041.3636)
OS uptime: 6 days 3:31 hours
Hyper-V role detected

CPU: total 4 (initial active 4) (4 cores per cpu, 1 threads per core) family 6 model 58 stepping 9 microcode 0x21, cx8, cmov, fxsr, mmx, sse, sse2, sse3, ssse3, sse4.1, sse4.2, popcnt, tsc, tscinvbit, avx, aes, erms, clmul, vzeroupper, clflush, hv
Processor Information for all 4 processors :
  Max Mhz: 3201, Current Mhz: 3201, Mhz Limit: 3201

Memory: 4k page, system-wide physical 24453M (2744M free)
TotalPageFile size 24453M (AvailPageFile size 83M)
current process WorkingSet (physical memory assigned to process): 10M, peak: 10M
current process commit charge ("private bytes"): 52M, peak: 436M

vm_info: OpenJDK 64-Bit Server VM (17.0.8+7-LTS) for windows-amd64 JRE (17.0.8+7-LTS), built on Jul  7 2023 17:21:55 by "MicrosoftCorporation" with MS VC++ 16.10 / 16.11 (VS2019)

END.
