#
# There is insufficient memory for the Java Runtime Environment to continue.
# Native memory allocation (malloc) failed to allocate 1512208 bytes for Chunk::new
# Possible reasons:
#   The system is out of physical RAM or swap space
#   The process is running with CompressedOops enabled, and the Java Heap may be blocking the growth of the native heap
# Possible solutions:
#   Reduce memory load on the system
#   Increase physical memory or swap space
#   Check if swap backing store is full
#   Decrease Java heap size (-Xmx/-Xms)
#   Decrease number of Java threads
#   Decrease Java thread stack sizes (-Xss)
#   Set larger code cache with -XX:ReservedCodeCacheSize=
#   JVM is running with Unscaled Compressed Oops mode in which the Java heap is
#     placed in the first 4GB address space. The Java Heap base address is the
#     maximum limit for the native heap growth. Please use -XX:HeapBaseMinAddress
#     to set the Java Heap base and to place the Java Heap above 4GB virtual address.
# This output file may be truncated or incomplete.
#
#  Out of Memory Error (arena.cpp:189), pid=13996, tid=14644
#
# JRE version: OpenJDK Runtime Environment Microsoft-8035246 (17.0.8+7) (build 17.0.8+7-LTS)
# Java VM: OpenJDK 64-Bit Server VM Microsoft-8035246 (17.0.8+7-LTS, mixed mode, sharing, tiered, compressed oops, compressed class ptrs, g1 gc, windows-amd64)
# No core dump will be written. Minidumps are not enabled by default on client versions of Windows
#

---------------  S U M M A R Y ------------

Command Line: -XX:MaxMetaspaceSize=512m --add-opens=java.base/java.util=ALL-UNNAMED --add-opens=java.base/java.lang=ALL-UNNAMED --add-opens=java.base/java.lang.invoke=ALL-UNNAMED --add-opens=java.prefs/java.util.prefs=ALL-UNNAMED --add-opens=java.base/java.nio.charset=ALL-UNNAMED --add-opens=java.base/java.net=ALL-UNNAMED --add-opens=java.base/java.util.concurrent.atomic=ALL-UNNAMED -Xmx2048m -Dfile.encoding=windows-1251 -Duser.country=US -Duser.language=en -Duser.variant -javaagent:C:\Users\1more.attempt\.gradle\wrapper\dists\gradle-8.3-all\6en3ugtfdg5xnpx44z4qbwgas\gradle-8.3\lib\agents\gradle-instrumentation-agent-8.3.jar org.gradle.launcher.daemon.bootstrap.GradleDaemon 8.3

Host: Intel(R) Xeon(R) CPU E3-1225 V2 @ 3.20GHz, 4 cores, 23G,  Windows 10 , 64 bit Build 19041 (10.0.19041.3636)
Time: Sat Mar 23 15:36:31 2024 Russia TZ 2 Standard Time elapsed time: 54.213458 seconds (0d 0h 0m 54s)

---------------  T H R E A D  ---------------

Current thread (0x0000015a79bc9350):  JavaThread "C2 CompilerThread0" daemon [_thread_in_native, id=14644, stack(0x0000003a80b00000,0x0000003a80c00000)]


Current CompileTask:
C2:  54213 9595       4       java.lang.Class::getMethodsRecursive (99 bytes)

Stack: [0x0000003a80b00000,0x0000003a80c00000]
Native frames: (J=compiled Java code, j=interpreted, Vv=VM code, C=native code)
V  [jvm.dll+0x67bf3a]
V  [jvm.dll+0x83a024]
V  [jvm.dll+0x83b7ce]
V  [jvm.dll+0x83be33]
V  [jvm.dll+0x24785f]
V  [jvm.dll+0xac3bc]
V  [jvm.dll+0xac98c]
V  [jvm.dll+0x368107]
V  [jvm.dll+0x332451]
V  [jvm.dll+0x3318fa]
V  [jvm.dll+0x21a131]
V  [jvm.dll+0x219551]
V  [jvm.dll+0x1a56b6]
V  [jvm.dll+0x2291ea]
V  [jvm.dll+0x22724c]
V  [jvm.dll+0x7efd0c]
V  [jvm.dll+0x7ea13a]
V  [jvm.dll+0x67ad85]
C  [ucrtbase.dll+0x21bb2]
C  [KERNEL32.DLL+0x17344]
C  [ntdll.dll+0x526b1]


---------------  P R O C E S S  ---------------

Threads class SMR info:
_java_thread_list=0x0000015a1eb61c10, length=66, elements={
0x0000015a5a079b60, 0x0000015a79bacb00, 0x0000015a79bae8a0, 0x0000015a79bc4c20,
0x0000015a79bc7500, 0x0000015a79bc7dd0, 0x0000015a79bc86a0, 0x0000015a79bc9350,
0x0000015a79bcfd40, 0x0000015a79c0e860, 0x0000015a79d0a400, 0x0000015a79e420a0,
0x0000015a7f49c850, 0x0000015a7fd46cc0, 0x0000015a1b1ec2d0, 0x0000015a7f788770,
0x0000015a1b71b3f0, 0x0000015a1b25d300, 0x0000015a1b260090, 0x0000015a1b25e230,
0x0000015a1b25dd20, 0x0000015a1b260ab0, 0x0000015a1b25f670, 0x0000015a1b25f160,
0x0000015a1b25ec50, 0x0000015a1b2605a0, 0x0000015a1b25fb80, 0x0000015a1b25d810,
0x0000015a1c08e2c0, 0x0000015a1c0929a0, 0x0000015a1c08e7d0, 0x0000015a1c08ece0,
0x0000015a1c0933c0, 0x0000015a1c092490, 0x0000015a1c08f1f0, 0x0000015a1c08f700,
0x0000015a1c090120, 0x0000015a1c090630, 0x0000015a1c090b40, 0x0000015a1c091050,
0x0000015a1c091560, 0x0000015a1c091a70, 0x0000015a1c091f80, 0x0000015a1c0938d0,
0x0000015a1c08d8a0, 0x0000015a1c093de0, 0x0000015a1c0942f0, 0x0000015a1c094800,
0x0000015a1c08ddb0, 0x0000015a7a8e0810, 0x0000015a7a8dd060, 0x0000015a7a8dfdf0,
0x0000015a7a8ddf90, 0x0000015a7a8de9b0, 0x0000015a7a8df3d0, 0x0000015a7a8de4a0,
0x0000015a7a8e0300, 0x0000015a7a8dda80, 0x0000015a7a8df8e0, 0x0000015a7a8deec0,
0x0000015a7a1e20d0, 0x0000015a7a1e11a0, 0x0000015a7a1ddf00, 0x0000015a7a1dd4e0,
0x0000015a7a1dc5b0, 0x0000015a1d569010
}

Java Threads: ( => current thread )
  0x0000015a5a079b60 JavaThread "main" [_thread_blocked, id=17432, stack(0x0000003affe00000,0x0000003afff00000)]
  0x0000015a79bacb00 JavaThread "Reference Handler" daemon [_thread_blocked, id=17516, stack(0x0000003a80500000,0x0000003a80600000)]
  0x0000015a79bae8a0 JavaThread "Finalizer" daemon [_thread_blocked, id=10552, stack(0x0000003a80600000,0x0000003a80700000)]
  0x0000015a79bc4c20 JavaThread "Signal Dispatcher" daemon [_thread_blocked, id=2432, stack(0x0000003a80700000,0x0000003a80800000)]
  0x0000015a79bc7500 JavaThread "Attach Listener" daemon [_thread_blocked, id=10820, stack(0x0000003a80800000,0x0000003a80900000)]
  0x0000015a79bc7dd0 JavaThread "Service Thread" daemon [_thread_blocked, id=15216, stack(0x0000003a80900000,0x0000003a80a00000)]
  0x0000015a79bc86a0 JavaThread "Monitor Deflation Thread" daemon [_thread_blocked, id=3476, stack(0x0000003a80a00000,0x0000003a80b00000)]
=>0x0000015a79bc9350 JavaThread "C2 CompilerThread0" daemon [_thread_in_native, id=14644, stack(0x0000003a80b00000,0x0000003a80c00000)]
  0x0000015a79bcfd40 JavaThread "C1 CompilerThread0" daemon [_thread_blocked, id=11636, stack(0x0000003a80c00000,0x0000003a80d00000)]
  0x0000015a79c0e860 JavaThread "Sweeper thread" daemon [_thread_blocked, id=14108, stack(0x0000003a80d00000,0x0000003a80e00000)]
  0x0000015a79d0a400 JavaThread "Common-Cleaner" daemon [_thread_blocked, id=15000, stack(0x0000003a80e00000,0x0000003a80f00000)]
  0x0000015a79e420a0 JavaThread "Notification Thread" daemon [_thread_blocked, id=3608, stack(0x0000003a80f00000,0x0000003a81000000)]
  0x0000015a7f49c850 JavaThread "Daemon health stats" [_thread_blocked, id=17936, stack(0x0000003a81600000,0x0000003a81700000)]
  0x0000015a7fd46cc0 JavaThread "Incoming local TCP Connector on port 49515" [_thread_in_native, id=1004, stack(0x0000003a81100000,0x0000003a81200000)]
  0x0000015a1b1ec2d0 JavaThread "Daemon periodic checks" [_thread_blocked, id=11032, stack(0x0000003a81700000,0x0000003a81800000)]
  0x0000015a7f788770 JavaThread "Daemon" [_thread_blocked, id=13688, stack(0x0000003a81800000,0x0000003a81900000)]
  0x0000015a1b71b3f0 JavaThread "Handler for socket connection from /127.0.0.1:49515 to /127.0.0.1:49516" [_thread_in_native, id=15640, stack(0x0000003a81900000,0x0000003a81a00000)]
  0x0000015a1b25d300 JavaThread "Cancel handler" [_thread_blocked, id=5556, stack(0x0000003a81a00000,0x0000003a81b00000)]
  0x0000015a1b260090 JavaThread "Daemon worker" [_thread_in_Java, id=16088, stack(0x0000003a81b00000,0x0000003a81c00000)]
  0x0000015a1b25e230 JavaThread "Asynchronous log dispatcher for DefaultDaemonConnection: socket connection from /127.0.0.1:49515 to /127.0.0.1:49516" [_thread_blocked, id=5012, stack(0x0000003a81c00000,0x0000003a81d00000)]
  0x0000015a1b25dd20 JavaThread "Stdin handler" [_thread_blocked, id=10472, stack(0x0000003a81d00000,0x0000003a81e00000)]
  0x0000015a1b260ab0 JavaThread "Daemon client event forwarder" [_thread_blocked, id=15880, stack(0x0000003a81e00000,0x0000003a81f00000)]
  0x0000015a1b25f670 JavaThread "Cache worker for journal cache (C:\Users\1more.attempt\.gradle\caches\journal-1)" [_thread_blocked, id=15036, stack(0x0000003a81f00000,0x0000003a82000000)]
  0x0000015a1b25f160 JavaThread "File lock request listener" [_thread_in_native, id=11180, stack(0x0000003a82000000,0x0000003a82100000)]
  0x0000015a1b25ec50 JavaThread "File lock release action executor" [_thread_blocked, id=18084, stack(0x0000003a82100000,0x0000003a82200000)]
  0x0000015a1b2605a0 JavaThread "Cache worker for file hash cache (C:\Users\1more.attempt\.gradle\caches\8.3\fileHashes)" [_thread_blocked, id=15264, stack(0x0000003a82200000,0x0000003a82300000)]
  0x0000015a1b25fb80 JavaThread "File watcher server" daemon [_thread_in_native, id=9300, stack(0x0000003a82300000,0x0000003a82400000)]
  0x0000015a1b25d810 JavaThread "File watcher consumer" daemon [_thread_blocked, id=14508, stack(0x0000003a82400000,0x0000003a82500000)]
  0x0000015a1c08e2c0 JavaThread "Cache worker for checksums cache (C:\Users\1more.attempt\Desktop\agroex\ITA-Labs-2024-T3-Mobile\android\.gradle\8.3\checksums)" [_thread_blocked, id=18248, stack(0x0000003a82500000,0x0000003a82600000)]
  0x0000015a1c0929a0 JavaThread "Cache worker for file hash cache (C:\Users\1more.attempt\Desktop\agroex\ITA-Labs-2024-T3-Mobile\android\.gradle\8.3\fileHashes)" [_thread_blocked, id=16000, stack(0x0000003a82600000,0x0000003a82700000)]
  0x0000015a1c08e7d0 JavaThread "Cache worker for cache directory md-supplier (C:\Users\1more.attempt\.gradle\caches\8.3\md-supplier)" [_thread_blocked, id=15508, stack(0x0000003a82700000,0x0000003a82800000)]
  0x0000015a1c08ece0 JavaThread "Cache worker for file content cache (C:\Users\1more.attempt\.gradle\caches\8.3\fileContent)" [_thread_blocked, id=16428, stack(0x0000003a82800000,0x0000003a82900000)]
  0x0000015a1c0933c0 JavaThread "Cache worker for cache directory md-rule (C:\Users\1more.attempt\.gradle\caches\8.3\md-rule)" [_thread_blocked, id=9024, stack(0x0000003a82900000,0x0000003a82a00000)]
  0x0000015a1c092490 JavaThread "Cache worker for execution history cache (C:\Users\1more.attempt\.gradle\caches\8.3\executionHistory)" [_thread_blocked, id=7408, stack(0x0000003a82a00000,0x0000003a82b00000)]
  0x0000015a1c08f1f0 JavaThread "jar transforms" [_thread_blocked, id=16352, stack(0x0000003a82b00000,0x0000003a82c00000)]
  0x0000015a1c08f700 JavaThread "jar transforms Thread 2" [_thread_blocked, id=18328, stack(0x0000003a82c00000,0x0000003a82d00000)]
  0x0000015a1c090120 JavaThread "jar transforms Thread 3" [_thread_blocked, id=11404, stack(0x0000003a82d00000,0x0000003a82e00000)]
  0x0000015a1c090630 JavaThread "File lock release action executor Thread 2" [_thread_blocked, id=14704, stack(0x0000003a82e00000,0x0000003a82f00000)]
  0x0000015a1c090b40 JavaThread "jar transforms Thread 4" [_thread_blocked, id=7632, stack(0x0000003a82f00000,0x0000003a83000000)]
  0x0000015a1c091050 JavaThread "Cache worker for kotlin-dsl (C:\Users\1more.attempt\.gradle\caches\8.3\kotlin-dsl)" [_thread_blocked, id=18056, stack(0x0000003a83200000,0x0000003a83300000)]
  0x0000015a1c091560 JavaThread "Unconstrained build operations" [_thread_blocked, id=18044, stack(0x0000003a83300000,0x0000003a83400000)]
  0x0000015a1c091a70 JavaThread "Unconstrained build operations Thread 2" [_thread_blocked, id=16272, stack(0x0000003a83400000,0x0000003a83500000)]
  0x0000015a1c091f80 JavaThread "Cache worker for dependencies-accessors (C:\Users\1more.attempt\Desktop\agroex\ITA-Labs-2024-T3-Mobile\android\.gradle\8.3\dependencies-accessors)" [_thread_blocked, id=15068, stack(0x0000003a83500000,0x0000003a83600000)]
  0x0000015a1c0938d0 JavaThread "Cache worker for Build Output Cleanup Cache (C:\Users\1more.attempt\Desktop\agroex\ITA-Labs-2024-T3-Mobile\node_modules\@react-native\gradle-plugin\.gradle\buildOutputCleanup)" [_thread_blocked, id=13216, stack(0x0000003a83700000,0x0000003a83800000)]
  0x0000015a1c08d8a0 JavaThread "Unconstrained build operations Thread 3" [_thread_blocked, id=6632, stack(0x0000003a83800000,0x0000003a83900000)]
  0x0000015a1c093de0 JavaThread "Unconstrained build operations Thread 4" [_thread_blocked, id=8636, stack(0x0000003a83900000,0x0000003a83a00000)]
  0x0000015a1c0942f0 JavaThread "Unconstrained build operations Thread 5" [_thread_blocked, id=5500, stack(0x0000003a83a00000,0x0000003a83b00000)]
  0x0000015a1c094800 JavaThread "Memory manager" [_thread_blocked, id=9432, stack(0x0000003a83b00000,0x0000003a83c00000)]
  0x0000015a1c08ddb0 JavaThread "Cache worker for Build Output Cleanup Cache (C:\Users\1more.attempt\Desktop\agroex\ITA-Labs-2024-T3-Mobile\android\.gradle\buildOutputCleanup)" [_thread_blocked, id=16756, stack(0x0000003a83600000,0x0000003a83700000)]
  0x0000015a7a8e0810 JavaThread "ForkJoinPool.commonPool-worker-1" daemon [_thread_blocked, id=16036, stack(0x0000003a83d00000,0x0000003a83e00000)]
  0x0000015a7a8dd060 JavaThread "ForkJoinPool.commonPool-worker-2" daemon [_thread_blocked, id=10856, stack(0x0000003a83e00000,0x0000003a83f00000)]
  0x0000015a7a8dfdf0 JavaThread "ForkJoinPool.commonPool-worker-3" daemon [_thread_blocked, id=11664, stack(0x0000003a83f00000,0x0000003a84000000)]
  0x0000015a7a8ddf90 JavaThread "included builds" [_thread_blocked, id=15468, stack(0x0000003a84000000,0x0000003a84100000)]
  0x0000015a7a8de9b0 JavaThread "Execution worker" [_thread_blocked, id=15312, stack(0x0000003a84100000,0x0000003a84200000)]
  0x0000015a7a8df3d0 JavaThread "Execution worker Thread 2" [_thread_blocked, id=32, stack(0x0000003a84200000,0x0000003a84300000)]
  0x0000015a7a8de4a0 JavaThread "Execution worker Thread 3" [_thread_blocked, id=18420, stack(0x0000003a84300000,0x0000003a84400000)]
  0x0000015a7a8e0300 JavaThread "Cache worker for execution history cache (C:\Users\1more.attempt\Desktop\agroex\ITA-Labs-2024-T3-Mobile\node_modules\@react-native\gradle-plugin\.gradle\8.3\executionHistory)" [_thread_blocked, id=18356, stack(0x0000003a84400000,0x0000003a84500000)]
  0x0000015a7a8dda80 JavaThread "Unconstrained build operations Thread 6" [_thread_blocked, id=12972, stack(0x0000003a84500000,0x0000003a84600000)]
  0x0000015a7a8df8e0 JavaThread "Unconstrained build operations Thread 7" [_thread_blocked, id=8744, stack(0x0000003a84600000,0x0000003a84700000)]
  0x0000015a7a8deec0 JavaThread "Unconstrained build operations Thread 8" [_thread_blocked, id=15144, stack(0x0000003a84700000,0x0000003a84800000)]
  0x0000015a7a1e20d0 JavaThread "Unconstrained build operations Thread 9" [_thread_blocked, id=18052, stack(0x0000003a83c00000,0x0000003a83d00000)]
  0x0000015a7a1e11a0 JavaThread "Unconstrained build operations Thread 10" [_thread_blocked, id=6036, stack(0x0000003a84800000,0x0000003a84900000)]
  0x0000015a7a1ddf00 JavaThread "Unconstrained build operations Thread 11" [_thread_blocked, id=15952, stack(0x0000003a84a00000,0x0000003a84b00000)]
  0x0000015a7a1dd4e0 JavaThread "Unconstrained build operations Thread 12" [_thread_blocked, id=16976, stack(0x0000003a84b00000,0x0000003a84c00000)]
  0x0000015a7a1dc5b0 JavaThread "Unconstrained build operations Thread 13" [_thread_blocked, id=17136, stack(0x0000003a84c00000,0x0000003a84d00000)]
  0x0000015a1d569010 JavaThread "C2 CompilerThread1" daemon [_thread_in_native, id=7436, stack(0x0000003a84900000,0x0000003a84a00000)]

Other Threads:
  0x0000015a79ba9a90 VMThread "VM Thread" [stack: 0x0000003a80400000,0x0000003a80500000] [id=17276]
  0x0000015a5a07a930 WatcherThread [stack: 0x0000003a81000000,0x0000003a81100000] [id=1972]
  0x0000015a5a0d5cc0 GCTaskThread "GC Thread#0" [stack: 0x0000003afff00000,0x0000003b00000000] [id=14952]
  0x0000015a7a65f8e0 GCTaskThread "GC Thread#1" [stack: 0x0000003a81200000,0x0000003a81300000] [id=6148]
  0x0000015a7a93e8c0 GCTaskThread "GC Thread#2" [stack: 0x0000003a81300000,0x0000003a81400000] [id=12148]
  0x0000015a7a93eb80 GCTaskThread "GC Thread#3" [stack: 0x0000003a81400000,0x0000003a81500000] [id=8880]
  0x0000015a5a0e6990 ConcurrentGCThread "G1 Main Marker" [stack: 0x0000003a80000000,0x0000003a80100000] [id=3836]
  0x0000015a5a0e72b0 ConcurrentGCThread "G1 Conc#0" [stack: 0x0000003a80100000,0x0000003a80200000] [id=16380]
  0x0000015a5a12de70 ConcurrentGCThread "G1 Refine#0" [stack: 0x0000003a80200000,0x0000003a80300000] [id=17112]
  0x0000015a7a783550 ConcurrentGCThread "G1 Refine#1" [stack: 0x0000003a81500000,0x0000003a81600000] [id=1740]
  0x0000015a5a12e550 ConcurrentGCThread "G1 Service" [stack: 0x0000003a80300000,0x0000003a80400000] [id=15876]

Threads with active compile tasks:
C2 CompilerThread0    54244 9595       4       java.lang.Class::getMethodsRecursive (99 bytes)
C2 CompilerThread1    54244 9585       4       org.gradle.internal.service.DefaultServiceRegistry$SingletonService::get (5 bytes)

VM state: not at safepoint (normal execution)

VM Mutex/Monitor currently owned by a thread: None

Heap address: 0x0000000080000000, size: 2048 MB, Compressed Oops mode: 32-bit

CDS archive(s) mapped at: [0x0000015a00000000-0x0000015a00bd0000-0x0000015a00bd0000), size 12386304, SharedBaseAddress: 0x0000015a00000000, ArchiveRelocationMode: 1.
Compressed class space mapped at: 0x0000015a01000000-0x0000015a1b000000, reserved size: 436207616
Narrow klass base: 0x0000015a00000000, Narrow klass shift: 0, Narrow klass range: 0x100000000

GC Precious Log:
 CPUs: 4 total, 4 available
 Memory: 24453M
 Large Page Support: Disabled
 NUMA Support: Disabled
 Compressed Oops: Enabled (32-bit)
 Heap Region Size: 1M
 Heap Min Capacity: 8M
 Heap Initial Capacity: 384M
 Heap Max Capacity: 2G
 Pre-touch: Disabled
 Parallel Workers: 4
 Concurrent Workers: 1
 Concurrent Refinement Workers: 4
 Periodic GC: Disabled

Heap:
 garbage-first heap   total 162816K, used 91307K [0x0000000080000000, 0x0000000100000000)
  region size 1024K, 10 young (10240K), 3 survivors (3072K)
 Metaspace       used 77060K, committed 77760K, reserved 557056K
  class space    used 10688K, committed 11008K, reserved 425984K

Heap Regions: E=young(eden), S=young(survivor), O=old, HS=humongous(starts), HC=humongous(continues), CS=collection set, F=free, OA=open archive, CA=closed archive, TAMS=top-at-mark-start (previous, next)
|   0|0x0000000080000000, 0x0000000080100000, 0x0000000080100000|100%|HS|  |TAMS 0x0000000080100000, 0x0000000080000000| Complete 
|   1|0x0000000080100000, 0x0000000080200000, 0x0000000080200000|100%|HC|  |TAMS 0x0000000080200000, 0x0000000080100000| Complete 
|   2|0x0000000080200000, 0x0000000080300000, 0x0000000080300000|100%|HC|  |TAMS 0x0000000080300000, 0x0000000080200000| Complete 
|   3|0x0000000080300000, 0x0000000080400000, 0x0000000080400000|100%|HC|  |TAMS 0x0000000080400000, 0x0000000080300000| Complete 
|   4|0x0000000080400000, 0x0000000080400000, 0x0000000080500000|  0%| F|  |TAMS 0x0000000080400000, 0x0000000080400000| Untracked 
|   5|0x0000000080500000, 0x0000000080600000, 0x0000000080600000|100%| O|  |TAMS 0x0000000080600000, 0x0000000080500000| Untracked 
|   6|0x0000000080600000, 0x0000000080700000, 0x0000000080700000|100%| O|  |TAMS 0x0000000080700000, 0x0000000080600000| Untracked 
|   7|0x0000000080700000, 0x0000000080800000, 0x0000000080800000|100%| O|  |TAMS 0x0000000080800000, 0x0000000080700000| Untracked 
|   8|0x0000000080800000, 0x0000000080900000, 0x0000000080900000|100%| O|  |TAMS 0x0000000080900000, 0x0000000080800000| Untracked 
|   9|0x0000000080900000, 0x0000000080a00000, 0x0000000080a00000|100%| O|  |TAMS 0x0000000080a00000, 0x0000000080900000| Untracked 
|  10|0x0000000080a00000, 0x0000000080b00000, 0x0000000080b00000|100%| O|  |TAMS 0x0000000080b00000, 0x0000000080a00000| Untracked 
|  11|0x0000000080b00000, 0x0000000080c00000, 0x0000000080c00000|100%| O|  |TAMS 0x0000000080c00000, 0x0000000080b00000| Untracked 
|  12|0x0000000080c00000, 0x0000000080d00000, 0x0000000080d00000|100%| O|  |TAMS 0x0000000080d00000, 0x0000000080c00000| Untracked 
|  13|0x0000000080d00000, 0x0000000080e00000, 0x0000000080e00000|100%| O|  |TAMS 0x0000000080e00000, 0x0000000080d00000| Untracked 
|  14|0x0000000080e00000, 0x0000000080f00000, 0x0000000080f00000|100%| O|  |TAMS 0x0000000080f00000, 0x0000000080e00000| Untracked 
|  15|0x0000000080f00000, 0x0000000081000000, 0x0000000081000000|100%| O|  |TAMS 0x0000000081000000, 0x0000000080f00000| Untracked 
|  16|0x0000000081000000, 0x0000000081100000, 0x0000000081100000|100%| O|  |TAMS 0x0000000081100000, 0x0000000081000000| Untracked 
|  17|0x0000000081100000, 0x0000000081200000, 0x0000000081200000|100%| O|  |TAMS 0x0000000081200000, 0x0000000081100000| Untracked 
|  18|0x0000000081200000, 0x0000000081300000, 0x0000000081300000|100%| O|  |TAMS 0x0000000081300000, 0x0000000081200000| Untracked 
|  19|0x0000000081300000, 0x0000000081400000, 0x0000000081400000|100%| O|  |TAMS 0x0000000081400000, 0x0000000081300000| Untracked 
|  20|0x0000000081400000, 0x0000000081500000, 0x0000000081500000|100%| O|  |TAMS 0x0000000081500000, 0x0000000081400000| Untracked 
|  21|0x0000000081500000, 0x0000000081600000, 0x0000000081600000|100%| O|  |TAMS 0x0000000081600000, 0x0000000081500000| Untracked 
|  22|0x0000000081600000, 0x0000000081700000, 0x0000000081700000|100%| O|  |TAMS 0x0000000081700000, 0x0000000081600000| Untracked 
|  23|0x0000000081700000, 0x0000000081800000, 0x0000000081800000|100%| O|  |TAMS 0x0000000081800000, 0x0000000081700000| Untracked 
|  24|0x0000000081800000, 0x0000000081900000, 0x0000000081900000|100%| O|  |TAMS 0x0000000081900000, 0x0000000081800000| Untracked 
|  25|0x0000000081900000, 0x0000000081a00000, 0x0000000081a00000|100%|HS|  |TAMS 0x0000000081a00000, 0x0000000081900000| Complete 
|  26|0x0000000081a00000, 0x0000000081b00000, 0x0000000081b00000|100%| O|  |TAMS 0x0000000081b00000, 0x0000000081a00000| Untracked 
|  27|0x0000000081b00000, 0x0000000081c00000, 0x0000000081c00000|100%| O|  |TAMS 0x0000000081c00000, 0x0000000081b00000| Untracked 
|  28|0x0000000081c00000, 0x0000000081d00000, 0x0000000081d00000|100%| O|  |TAMS 0x0000000081d00000, 0x0000000081c00000| Untracked 
|  29|0x0000000081d00000, 0x0000000081e00000, 0x0000000081e00000|100%| O|  |TAMS 0x0000000081e00000, 0x0000000081d00000| Untracked 
|  30|0x0000000081e00000, 0x0000000081f00000, 0x0000000081f00000|100%| O|  |TAMS 0x0000000081f00000, 0x0000000081e00000| Untracked 
|  31|0x0000000081f00000, 0x0000000082000000, 0x0000000082000000|100%| O|  |TAMS 0x0000000082000000, 0x0000000081f00000| Untracked 
|  32|0x0000000082000000, 0x0000000082100000, 0x0000000082100000|100%| O|  |TAMS 0x0000000082100000, 0x0000000082000000| Untracked 
|  33|0x0000000082100000, 0x0000000082200000, 0x0000000082200000|100%| O|  |TAMS 0x0000000082200000, 0x0000000082100000| Untracked 
|  34|0x0000000082200000, 0x0000000082300000, 0x0000000082300000|100%|HS|  |TAMS 0x0000000082300000, 0x0000000082200000| Complete 
|  35|0x0000000082300000, 0x0000000082400000, 0x0000000082400000|100%|HC|  |TAMS 0x0000000082400000, 0x0000000082300000| Complete 
|  36|0x0000000082400000, 0x0000000082500000, 0x0000000082500000|100%| O|  |TAMS 0x0000000082500000, 0x0000000082400000| Untracked 
|  37|0x0000000082500000, 0x0000000082600000, 0x0000000082600000|100%| O|  |TAMS 0x0000000082600000, 0x0000000082500000| Untracked 
|  38|0x0000000082600000, 0x0000000082700000, 0x0000000082700000|100%|HS|  |TAMS 0x0000000082700000, 0x0000000082600000| Complete 
|  39|0x0000000082700000, 0x0000000082800000, 0x0000000082800000|100%|HC|  |TAMS 0x0000000082800000, 0x0000000082700000| Complete 
|  40|0x0000000082800000, 0x0000000082900000, 0x0000000082900000|100%|HS|  |TAMS 0x0000000082900000, 0x0000000082800000| Complete 
|  41|0x0000000082900000, 0x0000000082a00000, 0x0000000082a00000|100%|HC|  |TAMS 0x0000000082a00000, 0x0000000082900000| Complete 
|  42|0x0000000082a00000, 0x0000000082b00000, 0x0000000082b00000|100%|HC|  |TAMS 0x0000000082b00000, 0x0000000082a00000| Complete 
|  43|0x0000000082b00000, 0x0000000082c00000, 0x0000000082c00000|100%|HC|  |TAMS 0x0000000082c00000, 0x0000000082b00000| Complete 
|  44|0x0000000082c00000, 0x0000000082d00000, 0x0000000082d00000|100%| O|  |TAMS 0x0000000082d00000, 0x0000000082c00000| Untracked 
|  45|0x0000000082d00000, 0x0000000082e00000, 0x0000000082e00000|100%| O|  |TAMS 0x0000000082e00000, 0x0000000082d00000| Complete 
|  46|0x0000000082e00000, 0x0000000082f00000, 0x0000000082f00000|100%| O|  |TAMS 0x0000000082f00000, 0x0000000082e00000| Untracked 
|  47|0x0000000082f00000, 0x0000000083000000, 0x0000000083000000|100%| O|  |TAMS 0x0000000083000000, 0x0000000082f00000| Untracked 
|  48|0x0000000083000000, 0x0000000083100000, 0x0000000083100000|100%| O|  |TAMS 0x0000000083100000, 0x0000000083000000| Untracked 
|  49|0x0000000083100000, 0x0000000083200000, 0x0000000083200000|100%|HS|  |TAMS 0x0000000083200000, 0x0000000083100000| Complete 
|  50|0x0000000083200000, 0x0000000083300000, 0x0000000083300000|100%|HC|  |TAMS 0x0000000083300000, 0x0000000083200000| Complete 
|  51|0x0000000083300000, 0x0000000083400000, 0x0000000083400000|100%|HC|  |TAMS 0x0000000083400000, 0x0000000083300000| Complete 
|  52|0x0000000083400000, 0x0000000083500000, 0x0000000083500000|100%|HC|  |TAMS 0x0000000083500000, 0x0000000083400000| Complete 
|  53|0x0000000083500000, 0x0000000083600000, 0x0000000083600000|100%| O|  |TAMS 0x0000000083600000, 0x0000000083500000| Untracked 
|  54|0x0000000083600000, 0x0000000083700000, 0x0000000083700000|100%| O|  |TAMS 0x0000000083700000, 0x0000000083600000| Untracked 
|  55|0x0000000083700000, 0x0000000083800000, 0x0000000083800000|100%| O|  |TAMS 0x0000000083800000, 0x0000000083700000| Untracked 
|  56|0x0000000083800000, 0x0000000083900000, 0x0000000083900000|100%| O|  |TAMS 0x0000000083900000, 0x0000000083800000| Untracked 
|  57|0x0000000083900000, 0x0000000083a00000, 0x0000000083a00000|100%| O|  |TAMS 0x0000000083a00000, 0x0000000083900000| Untracked 
|  58|0x0000000083a00000, 0x0000000083b00000, 0x0000000083b00000|100%| O|  |TAMS 0x0000000083b00000, 0x0000000083a00000| Untracked 
|  59|0x0000000083b00000, 0x0000000083c00000, 0x0000000083c00000|100%| O|  |TAMS 0x0000000083c00000, 0x0000000083b00000| Untracked 
|  60|0x0000000083c00000, 0x0000000083d00000, 0x0000000083d00000|100%|HS|  |TAMS 0x0000000083d00000, 0x0000000083c00000| Complete 
|  61|0x0000000083d00000, 0x0000000083e00000, 0x0000000083e00000|100%|HS|  |TAMS 0x0000000083e00000, 0x0000000083d00000| Complete 
|  62|0x0000000083e00000, 0x0000000083f00000, 0x0000000083f00000|100%| O|  |TAMS 0x0000000083f00000, 0x0000000083e00000| Untracked 
|  63|0x0000000083f00000, 0x0000000084000000, 0x0000000084000000|100%|HS|  |TAMS 0x0000000084000000, 0x0000000083f00000| Complete 
|  64|0x0000000084000000, 0x0000000084100000, 0x0000000084100000|100%| O|  |TAMS 0x0000000084100000, 0x0000000084000000| Untracked 
|  65|0x0000000084100000, 0x0000000084200000, 0x0000000084200000|100%| O|  |TAMS 0x0000000084200000, 0x0000000084100000| Untracked 
|  66|0x0000000084200000, 0x0000000084300000, 0x0000000084300000|100%| O|  |TAMS 0x0000000084300000, 0x0000000084200000| Untracked 
|  67|0x0000000084300000, 0x0000000084400000, 0x0000000084400000|100%| O|  |TAMS 0x0000000084400000, 0x0000000084300000| Untracked 
|  68|0x0000000084400000, 0x0000000084500000, 0x0000000084500000|100%| O|  |TAMS 0x0000000084500000, 0x0000000084400000| Untracked 
|  69|0x0000000084500000, 0x0000000084600000, 0x0000000084600000|100%| O|  |TAMS 0x0000000084600000, 0x0000000084500000| Untracked 
|  70|0x0000000084600000, 0x0000000084700000, 0x0000000084700000|100%| O|  |TAMS 0x0000000084700000, 0x0000000084600000| Untracked 
|  71|0x0000000084700000, 0x0000000084800000, 0x0000000084800000|100%| O|  |TAMS 0x0000000084800000, 0x0000000084700000| Untracked 
|  72|0x0000000084800000, 0x0000000084900000, 0x0000000084900000|100%| O|  |TAMS 0x0000000084900000, 0x0000000084800000| Untracked 
|  73|0x0000000084900000, 0x0000000084a00000, 0x0000000084a00000|100%| O|  |TAMS 0x0000000084a00000, 0x0000000084900000| Untracked 
|  74|0x0000000084a00000, 0x0000000084b00000, 0x0000000084b00000|100%| O|  |TAMS 0x0000000084b00000, 0x0000000084a00000| Untracked 
|  75|0x0000000084b00000, 0x0000000084c00000, 0x0000000084c00000|100%| O|  |TAMS 0x0000000084c00000, 0x0000000084b00000| Untracked 
|  76|0x0000000084c00000, 0x0000000084d00000, 0x0000000084d00000|100%| O|  |TAMS 0x0000000084d00000, 0x0000000084c00000| Untracked 
|  77|0x0000000084d00000, 0x0000000084e00000, 0x0000000084e00000|100%| O|  |TAMS 0x0000000084e00000, 0x0000000084d00000| Untracked 
|  78|0x0000000084e00000, 0x0000000084f00000, 0x0000000084f00000|100%| O|  |TAMS 0x0000000084f00000, 0x0000000084e00000| Untracked 
|  79|0x0000000084f00000, 0x0000000085000000, 0x0000000085000000|100%| O|  |TAMS 0x0000000085000000, 0x0000000084f00000| Untracked 
|  80|0x0000000085000000, 0x0000000085100000, 0x0000000085100000|100%| O|  |TAMS 0x0000000085100000, 0x0000000085000000| Untracked 
|  81|0x0000000085100000, 0x00000000851f0a00, 0x0000000085200000| 93%| O|  |TAMS 0x00000000851f0a00, 0x0000000085100000| Untracked 
|  82|0x0000000085200000, 0x0000000085200000, 0x0000000085300000|  0%| F|  |TAMS 0x0000000085200000, 0x0000000085200000| Untracked 
|  83|0x0000000085300000, 0x0000000085300000, 0x0000000085400000|  0%| F|  |TAMS 0x0000000085300000, 0x0000000085300000| Untracked 
|  84|0x0000000085400000, 0x0000000085400000, 0x0000000085500000|  0%| F|  |TAMS 0x0000000085400000, 0x0000000085400000| Untracked 
|  85|0x0000000085500000, 0x0000000085500000, 0x0000000085600000|  0%| F|  |TAMS 0x0000000085500000, 0x0000000085500000| Untracked 
|  86|0x0000000085600000, 0x0000000085600000, 0x0000000085700000|  0%| F|  |TAMS 0x0000000085600000, 0x0000000085600000| Untracked 
|  87|0x0000000085700000, 0x0000000085700000, 0x0000000085800000|  0%| F|  |TAMS 0x0000000085700000, 0x0000000085700000| Untracked 
|  88|0x0000000085800000, 0x0000000085800000, 0x0000000085900000|  0%| F|  |TAMS 0x0000000085800000, 0x0000000085800000| Untracked 
|  89|0x0000000085900000, 0x0000000085900000, 0x0000000085a00000|  0%| F|  |TAMS 0x0000000085900000, 0x0000000085900000| Untracked 
|  90|0x0000000085a00000, 0x0000000085a00000, 0x0000000085b00000|  0%| F|  |TAMS 0x0000000085a00000, 0x0000000085a00000| Untracked 
|  91|0x0000000085b00000, 0x0000000085b00000, 0x0000000085c00000|  0%| F|  |TAMS 0x0000000085b00000, 0x0000000085b00000| Untracked 
|  92|0x0000000085c00000, 0x0000000085c00000, 0x0000000085d00000|  0%| F|  |TAMS 0x0000000085c00000, 0x0000000085c00000| Untracked 
|  93|0x0000000085d00000, 0x0000000085d00000, 0x0000000085e00000|  0%| F|  |TAMS 0x0000000085d00000, 0x0000000085d00000| Untracked 
|  94|0x0000000085e00000, 0x0000000085e00000, 0x0000000085f00000|  0%| F|  |TAMS 0x0000000085e00000, 0x0000000085e00000| Untracked 
|  95|0x0000000085f00000, 0x0000000085f00000, 0x0000000086000000|  0%| F|  |TAMS 0x0000000085f00000, 0x0000000085f00000| Untracked 
|  96|0x0000000086000000, 0x0000000086000000, 0x0000000086100000|  0%| F|  |TAMS 0x0000000086000000, 0x0000000086000000| Untracked 
|  97|0x0000000086100000, 0x0000000086100000, 0x0000000086200000|  0%| F|  |TAMS 0x0000000086100000, 0x0000000086100000| Untracked 
|  98|0x0000000086200000, 0x0000000086200000, 0x0000000086300000|  0%| F|  |TAMS 0x0000000086200000, 0x0000000086200000| Untracked 
|  99|0x0000000086300000, 0x0000000086300000, 0x0000000086400000|  0%| F|  |TAMS 0x0000000086300000, 0x0000000086300000| Untracked 
| 100|0x0000000086400000, 0x0000000086400000, 0x0000000086500000|  0%| F|  |TAMS 0x0000000086400000, 0x0000000086400000| Untracked 
| 101|0x0000000086500000, 0x0000000086500000, 0x0000000086600000|  0%| F|  |TAMS 0x0000000086500000, 0x0000000086500000| Untracked 
| 102|0x0000000086600000, 0x0000000086600000, 0x0000000086700000|  0%| F|  |TAMS 0x0000000086600000, 0x0000000086600000| Untracked 
| 103|0x0000000086700000, 0x0000000086700000, 0x0000000086800000|  0%| F|  |TAMS 0x0000000086700000, 0x0000000086700000| Untracked 
| 104|0x0000000086800000, 0x0000000086800000, 0x0000000086900000|  0%| F|  |TAMS 0x0000000086800000, 0x0000000086800000| Untracked 
| 105|0x0000000086900000, 0x0000000086900000, 0x0000000086a00000|  0%| F|  |TAMS 0x0000000086900000, 0x0000000086900000| Untracked 
| 106|0x0000000086a00000, 0x0000000086a00000, 0x0000000086b00000|  0%| F|  |TAMS 0x0000000086a00000, 0x0000000086a00000| Untracked 
| 107|0x0000000086b00000, 0x0000000086b00000, 0x0000000086c00000|  0%| F|  |TAMS 0x0000000086b00000, 0x0000000086b00000| Untracked 
| 108|0x0000000086c00000, 0x0000000086c3a2c0, 0x0000000086d00000| 22%| S|CS|TAMS 0x0000000086c00000, 0x0000000086c00000| Complete 
| 109|0x0000000086d00000, 0x0000000086e00000, 0x0000000086e00000|100%| S|CS|TAMS 0x0000000086d00000, 0x0000000086d00000| Complete 
| 110|0x0000000086e00000, 0x0000000086f00000, 0x0000000086f00000|100%| S|CS|TAMS 0x0000000086e00000, 0x0000000086e00000| Complete 
| 111|0x0000000086f00000, 0x0000000086f00000, 0x0000000087000000|  0%| F|  |TAMS 0x0000000086f00000, 0x0000000086f00000| Untracked 
| 112|0x0000000087000000, 0x0000000087000000, 0x0000000087100000|  0%| F|  |TAMS 0x0000000087000000, 0x0000000087000000| Untracked 
| 113|0x0000000087100000, 0x0000000087100000, 0x0000000087200000|  0%| F|  |TAMS 0x0000000087100000, 0x0000000087100000| Untracked 
| 114|0x0000000087200000, 0x0000000087200000, 0x0000000087300000|  0%| F|  |TAMS 0x0000000087200000, 0x0000000087200000| Untracked 
| 115|0x0000000087300000, 0x0000000087300000, 0x0000000087400000|  0%| F|  |TAMS 0x0000000087300000, 0x0000000087300000| Untracked 
| 116|0x0000000087400000, 0x0000000087400000, 0x0000000087500000|  0%| F|  |TAMS 0x0000000087400000, 0x0000000087400000| Untracked 
| 117|0x0000000087500000, 0x0000000087500000, 0x0000000087600000|  0%| F|  |TAMS 0x0000000087500000, 0x0000000087500000| Untracked 
| 118|0x0000000087600000, 0x0000000087600000, 0x0000000087700000|  0%| F|  |TAMS 0x0000000087600000, 0x0000000087600000| Untracked 
| 119|0x0000000087700000, 0x0000000087700000, 0x0000000087800000|  0%| F|  |TAMS 0x0000000087700000, 0x0000000087700000| Untracked 
| 120|0x0000000087800000, 0x0000000087800000, 0x0000000087900000|  0%| F|  |TAMS 0x0000000087800000, 0x0000000087800000| Untracked 
| 121|0x0000000087900000, 0x0000000087900000, 0x0000000087a00000|  0%| F|  |TAMS 0x0000000087900000, 0x0000000087900000| Untracked 
| 122|0x0000000087a00000, 0x0000000087a00000, 0x0000000087b00000|  0%| F|  |TAMS 0x0000000087a00000, 0x0000000087a00000| Untracked 
| 123|0x0000000087b00000, 0x0000000087b00000, 0x0000000087c00000|  0%| F|  |TAMS 0x0000000087b00000, 0x0000000087b00000| Untracked 
| 124|0x0000000087c00000, 0x0000000087c00000, 0x0000000087d00000|  0%| F|  |TAMS 0x0000000087c00000, 0x0000000087c00000| Untracked 
| 125|0x0000000087d00000, 0x0000000087d00000, 0x0000000087e00000|  0%| F|  |TAMS 0x0000000087d00000, 0x0000000087d00000| Untracked 
| 126|0x0000000087e00000, 0x0000000087e00000, 0x0000000087f00000|  0%| F|  |TAMS 0x0000000087e00000, 0x0000000087e00000| Untracked 
| 127|0x0000000087f00000, 0x0000000087f00000, 0x0000000088000000|  0%| F|  |TAMS 0x0000000087f00000, 0x0000000087f00000| Untracked 
| 128|0x0000000088000000, 0x0000000088000000, 0x0000000088100000|  0%| F|  |TAMS 0x0000000088000000, 0x0000000088000000| Untracked 
| 129|0x0000000088100000, 0x0000000088100000, 0x0000000088200000|  0%| F|  |TAMS 0x0000000088100000, 0x0000000088100000| Untracked 
| 130|0x0000000088200000, 0x0000000088200000, 0x0000000088300000|  0%| F|  |TAMS 0x0000000088200000, 0x0000000088200000| Untracked 
| 131|0x0000000088300000, 0x0000000088300000, 0x0000000088400000|  0%| F|  |TAMS 0x0000000088300000, 0x0000000088300000| Untracked 
| 132|0x0000000088400000, 0x0000000088400000, 0x0000000088500000|  0%| F|  |TAMS 0x0000000088400000, 0x0000000088400000| Untracked 
| 133|0x0000000088500000, 0x0000000088500000, 0x0000000088600000|  0%| F|  |TAMS 0x0000000088500000, 0x0000000088500000| Untracked 
| 134|0x0000000088600000, 0x0000000088600000, 0x0000000088700000|  0%| F|  |TAMS 0x0000000088600000, 0x0000000088600000| Untracked 
| 135|0x0000000088700000, 0x0000000088700000, 0x0000000088800000|  0%| F|  |TAMS 0x0000000088700000, 0x0000000088700000| Untracked 
| 136|0x0000000088800000, 0x0000000088800000, 0x0000000088900000|  0%| F|  |TAMS 0x0000000088800000, 0x0000000088800000| Untracked 
| 137|0x0000000088900000, 0x0000000088900000, 0x0000000088a00000|  0%| F|  |TAMS 0x0000000088900000, 0x0000000088900000| Untracked 
| 138|0x0000000088a00000, 0x0000000088a00000, 0x0000000088b00000|  0%| F|  |TAMS 0x0000000088a00000, 0x0000000088a00000| Untracked 
| 139|0x0000000088b00000, 0x0000000088b00000, 0x0000000088c00000|  0%| F|  |TAMS 0x0000000088b00000, 0x0000000088b00000| Untracked 
| 140|0x0000000088c00000, 0x0000000088c00000, 0x0000000088d00000|  0%| F|  |TAMS 0x0000000088c00000, 0x0000000088c00000| Untracked 
| 141|0x0000000088d00000, 0x0000000088d00000, 0x0000000088e00000|  0%| F|  |TAMS 0x0000000088d00000, 0x0000000088d00000| Untracked 
| 142|0x0000000088e00000, 0x0000000088e00000, 0x0000000088f00000|  0%| F|  |TAMS 0x0000000088e00000, 0x0000000088e00000| Untracked 
| 143|0x0000000088f00000, 0x0000000088f00000, 0x0000000089000000|  0%| F|  |TAMS 0x0000000088f00000, 0x0000000088f00000| Untracked 
| 144|0x0000000089000000, 0x0000000089000000, 0x0000000089100000|  0%| F|  |TAMS 0x0000000089000000, 0x0000000089000000| Untracked 
| 145|0x0000000089100000, 0x0000000089100000, 0x0000000089200000|  0%| F|  |TAMS 0x0000000089100000, 0x0000000089100000| Untracked 
| 146|0x0000000089200000, 0x0000000089200000, 0x0000000089300000|  0%| F|  |TAMS 0x0000000089200000, 0x0000000089200000| Untracked 
| 268|0x0000000090c00000, 0x0000000090c00000, 0x0000000090d00000|  0%| F|  |TAMS 0x0000000090c00000, 0x0000000090c00000| Untracked 
| 269|0x0000000090d00000, 0x0000000090d00000, 0x0000000090e00000|  0%| F|  |TAMS 0x0000000090d00000, 0x0000000090d00000| Untracked 
| 270|0x0000000090e00000, 0x0000000090e00000, 0x0000000090f00000|  0%| F|  |TAMS 0x0000000090e00000, 0x0000000090e00000| Untracked 
| 271|0x0000000090f00000, 0x0000000090f00000, 0x0000000091000000|  0%| F|  |TAMS 0x0000000090f00000, 0x0000000090f00000| Untracked 
| 272|0x0000000091000000, 0x0000000091000000, 0x0000000091100000|  0%| F|  |TAMS 0x0000000091000000, 0x0000000091000000| Untracked 
| 273|0x0000000091100000, 0x0000000091181cb0, 0x0000000091200000| 50%| E|  |TAMS 0x0000000091100000, 0x0000000091100000| Complete 
| 274|0x0000000091200000, 0x0000000091300000, 0x0000000091300000|100%| E|CS|TAMS 0x0000000091200000, 0x0000000091200000| Complete 
| 275|0x0000000091300000, 0x0000000091400000, 0x0000000091400000|100%| E|CS|TAMS 0x0000000091300000, 0x0000000091300000| Complete 
| 276|0x0000000091400000, 0x0000000091500000, 0x0000000091500000|100%| E|CS|TAMS 0x0000000091400000, 0x0000000091400000| Complete 
| 277|0x0000000091500000, 0x0000000091600000, 0x0000000091600000|100%| E|CS|TAMS 0x0000000091500000, 0x0000000091500000| Complete 
| 278|0x0000000091600000, 0x0000000091700000, 0x0000000091700000|100%| E|CS|TAMS 0x0000000091600000, 0x0000000091600000| Complete 
| 383|0x0000000097f00000, 0x0000000098000000, 0x0000000098000000|100%| E|CS|TAMS 0x0000000097f00000, 0x0000000097f00000| Complete 

Card table byte_map: [0x0000015a72d70000,0x0000015a73170000] _byte_map_base: 0x0000015a72970000

Marking Bits (Prev, Next): (CMBitMap*) 0x0000015a59ecb210, (CMBitMap*) 0x0000015a59ecb250
 Prev Bits: [0x0000015a73570000, 0x0000015a75570000)
 Next Bits: [0x0000015a75570000, 0x0000015a77570000)

Polling page: 0x0000015a63320000

Metaspace:

Usage:
  Non-class:     64.82 MB used.
      Class:     10.44 MB used.
       Both:     75.25 MB used.

Virtual space:
  Non-class space:      128.00 MB reserved,      65.19 MB ( 51%) committed,  2 nodes.
      Class space:      416.00 MB reserved,      10.75 MB (  3%) committed,  1 nodes.
             Both:      544.00 MB reserved,      75.94 MB ( 14%) committed. 

Chunk freelists:
   Non-Class:  14.81 MB
       Class:  5.27 MB
        Both:  20.08 MB

MaxMetaspaceSize: 512.00 MB
CompressedClassSpaceSize: 416.00 MB
Initial GC threshold: 21.00 MB
Current GC threshold: 126.56 MB
CDS: on
MetaspaceReclaimPolicy: balanced
 - commit_granule_bytes: 65536.
 - commit_granule_words: 8192.
 - virtual_space_node_default_size: 8388608.
 - enlarge_chunks_in_place: 1.
 - new_chunks_are_fully_committed: 0.
 - uncommit_free_chunks: 1.
 - use_allocation_guard: 0.
 - handle_deallocations: 1.


Internal statistics:

num_allocs_failed_limit: 6.
num_arena_births: 882.
num_arena_deaths: 0.
num_vsnodes_births: 3.
num_vsnodes_deaths: 0.
num_space_committed: 1215.
num_space_uncommitted: 0.
num_chunks_returned_to_freelist: 6.
num_chunks_taken_from_freelist: 4011.
num_chunk_merges: 6.
num_chunk_splits: 2692.
num_chunks_enlarged: 1825.
num_inconsistent_stats: 0.

CodeHeap 'non-profiled nmethods': size=120000Kb used=4491Kb max_used=5002Kb free=115508Kb
 bounds [0x0000015a6ae10000, 0x0000015a6b300000, 0x0000015a72340000]
CodeHeap 'profiled nmethods': size=120000Kb used=15601Kb max_used=16955Kb free=104398Kb
 bounds [0x0000015a63340000, 0x0000015a643f0000, 0x0000015a6a870000]
CodeHeap 'non-nmethods': size=5760Kb used=2374Kb max_used=2429Kb free=3385Kb
 bounds [0x0000015a6a870000, 0x0000015a6aae0000, 0x0000015a6ae10000]
 total_blobs=9086 nmethods=8183 adapters=814
 compilation: enabled
              stopped_count=0, restarted_count=0
 full_count=0

Compilation events (20 events):
Event: 54.072 Thread 0x0000015a79bcfd40 nmethod 9592 0x0000015a63807b10 code [0x0000015a63807cc0, 0x0000015a63807ef8]
Event: 54.072 Thread 0x0000015a79bcfd40 9593       3       java.util.stream.Nodes$FixedNodeBuilder::accept (61 bytes)
Event: 54.073 Thread 0x0000015a79bcfd40 nmethod 9593 0x0000015a63a8cf10 code [0x0000015a63a8d1c0, 0x0000015a63a8e178]
Event: 54.073 Thread 0x0000015a79bcfd40 9594       3       org.gradle.internal.classpath.intercept.CallInterceptorsSet::maybeDecorateGroovyCallSite (20 bytes)
Event: 54.073 Thread 0x0000015a79bcfd40 nmethod 9594 0x0000015a637ca410 code [0x0000015a637ca5e0, 0x0000015a637caad8]
Event: 54.148 Thread 0x0000015a79bc9350 nmethod 9573 0x0000015a6b05de90 code [0x0000015a6b05e120, 0x0000015a6b060cd8]
Event: 54.149 Thread 0x0000015a79bc9350 9595       4       java.lang.Class::getMethodsRecursive (99 bytes)
Event: 54.149 Thread 0x0000015a1d569010 9581   !   4       org.gradle.internal.service.DefaultServiceRegistry$SingletonService::prepare (111 bytes)
Event: 54.152 Thread 0x0000015a1d569010 nmethod 9581 0x0000015a6b295c90 code [0x0000015a6b295e40, 0x0000015a6b2963d8]
Event: 54.152 Thread 0x0000015a1d569010 9585       4       org.gradle.internal.service.DefaultServiceRegistry$SingletonService::get (5 bytes)
Event: 54.175 Thread 0x0000015a79bcfd40 9596       3       org.codehaus.groovy.reflection.CachedClass$3::initValue (205 bytes)
Event: 54.177 Thread 0x0000015a79bcfd40 nmethod 9596 0x0000015a63496090 code [0x0000015a63496480, 0x0000015a63498608]
Event: 54.193 Thread 0x0000015a79bcfd40 9597       3       sun.reflect.generics.repository.ConstructorRepository::computeExceptionTypes (62 bytes)
Event: 54.193 Thread 0x0000015a79bcfd40 nmethod 9597 0x0000015a6346ab10 code [0x0000015a6346ad20, 0x0000015a6346b748]
Event: 54.194 Thread 0x0000015a79bcfd40 9598   !   3       com.sun.beans.introspect.PropertyInfo::initialize (374 bytes)
Event: 54.197 Thread 0x0000015a79bcfd40 nmethod 9598 0x0000015a63b5a410 code [0x0000015a63b5aac0, 0x0000015a63b5e568]
Event: 54.197 Thread 0x0000015a79bcfd40 9599       3       java.util.StringJoiner::add (110 bytes)
Event: 54.197 Thread 0x0000015a79bcfd40 nmethod 9599 0x0000015a639eee10 code [0x0000015a639ef060, 0x0000015a639efb18]
Event: 54.197 Thread 0x0000015a79bcfd40 9600       3       sun.reflect.generics.repository.ConstructorRepository::getParameterTypes (27 bytes)
Event: 54.198 Thread 0x0000015a79bcfd40 nmethod 9600 0x0000015a63c0cb90 code [0x0000015a63c0cd60, 0x0000015a63c0d138]

GC Heap History (20 events):
Event: 46.450 GC heap before
{Heap before GC invocations=25 (full 0):
 garbage-first heap   total 104448K, used 59323K [0x0000000080000000, 0x0000000100000000)
  region size 1024K, 5 young (5120K), 4 survivors (4096K)
 Metaspace       used 58544K, committed 59136K, reserved 491520K
  class space    used 8220K, committed 8512K, reserved 425984K
}
Event: 46.454 GC heap after
{Heap after GC invocations=26 (full 0):
 garbage-first heap   total 104448K, used 58581K [0x0000000080000000, 0x0000000100000000)
  region size 1024K, 1 young (1024K), 1 survivors (1024K)
 Metaspace       used 58544K, committed 59136K, reserved 491520K
  class space    used 8220K, committed 8512K, reserved 425984K
}
Event: 47.314 GC heap before
{Heap before GC invocations=26 (full 0):
 garbage-first heap   total 104448K, used 85205K [0x0000000080000000, 0x0000000100000000)
  region size 1024K, 27 young (27648K), 1 survivors (1024K)
 Metaspace       used 60083K, committed 60736K, reserved 491520K
  class space    used 8447K, committed 8768K, reserved 425984K
}
Event: 47.316 GC heap after
{Heap after GC invocations=27 (full 0):
 garbage-first heap   total 104448K, used 59525K [0x0000000080000000, 0x0000000100000000)
  region size 1024K, 2 young (2048K), 2 survivors (2048K)
 Metaspace       used 60083K, committed 60736K, reserved 491520K
  class space    used 8447K, committed 8768K, reserved 425984K
}
Event: 47.690 GC heap before
{Heap before GC invocations=28 (full 0):
 garbage-first heap   total 111616K, used 86149K [0x0000000080000000, 0x0000000100000000)
  region size 1024K, 28 young (28672K), 2 survivors (2048K)
 Metaspace       used 61674K, committed 62336K, reserved 491520K
  class space    used 8705K, committed 9024K, reserved 425984K
}
Event: 47.694 GC heap after
{Heap after GC invocations=29 (full 0):
 garbage-first heap   total 111616K, used 60833K [0x0000000080000000, 0x0000000100000000)
  region size 1024K, 3 young (3072K), 3 survivors (3072K)
 Metaspace       used 61674K, committed 62336K, reserved 491520K
  class space    used 8705K, committed 9024K, reserved 425984K
}
Event: 47.729 GC heap before
{Heap before GC invocations=29 (full 0):
 garbage-first heap   total 111616K, used 62881K [0x0000000080000000, 0x0000000100000000)
  region size 1024K, 5 young (5120K), 3 survivors (3072K)
 Metaspace       used 61800K, committed 62464K, reserved 491520K
  class space    used 8726K, committed 9024K, reserved 425984K
}
Event: 47.734 GC heap after
{Heap after GC invocations=30 (full 0):
 garbage-first heap   total 111616K, used 60671K [0x0000000080000000, 0x0000000100000000)
  region size 1024K, 1 young (1024K), 1 survivors (1024K)
 Metaspace       used 61800K, committed 62464K, reserved 491520K
  class space    used 8726K, committed 9024K, reserved 425984K
}
Event: 48.872 GC heap before
{Heap before GC invocations=30 (full 0):
 garbage-first heap   total 111616K, used 92415K [0x0000000080000000, 0x0000000100000000)
  region size 1024K, 32 young (32768K), 1 survivors (1024K)
 Metaspace       used 63703K, committed 64384K, reserved 491520K
  class space    used 8979K, committed 9280K, reserved 425984K
}
Event: 48.877 GC heap after
{Heap after GC invocations=31 (full 0):
 garbage-first heap   total 159744K, used 64257K [0x0000000080000000, 0x0000000100000000)
  region size 1024K, 4 young (4096K), 4 survivors (4096K)
 Metaspace       used 63703K, committed 64384K, reserved 491520K
  class space    used 8979K, committed 9280K, reserved 425984K
}
Event: 50.168 GC heap before
{Heap before GC invocations=32 (full 0):
 garbage-first heap   total 159744K, used 131841K [0x0000000080000000, 0x0000000100000000)
  region size 1024K, 66 young (67584K), 4 survivors (4096K)
 Metaspace       used 66866K, committed 67520K, reserved 491520K
  class space    used 9420K, committed 9728K, reserved 425984K
}
Event: 50.177 GC heap after
{Heap after GC invocations=33 (full 0):
 garbage-first heap   total 159744K, used 77579K [0x0000000080000000, 0x0000000100000000)
  region size 1024K, 9 young (9216K), 9 survivors (9216K)
 Metaspace       used 66866K, committed 67520K, reserved 491520K
  class space    used 9420K, committed 9728K, reserved 425984K
}
Event: 51.402 GC heap before
{Heap before GC invocations=33 (full 0):
 garbage-first heap   total 159744K, used 119563K [0x0000000080000000, 0x0000000100000000)
  region size 1024K, 48 young (49152K), 9 survivors (9216K)
 Metaspace       used 70761K, committed 71424K, reserved 491520K
  class space    used 9845K, committed 10176K, reserved 425984K
}
Event: 51.407 GC heap after
{Heap after GC invocations=34 (full 0):
 garbage-first heap   total 159744K, used 83738K [0x0000000080000000, 0x0000000100000000)
  region size 1024K, 4 young (4096K), 4 survivors (4096K)
 Metaspace       used 70761K, committed 71424K, reserved 491520K
  class space    used 9845K, committed 10176K, reserved 425984K
}
Event: 52.500 GC heap before
{Heap before GC invocations=35 (full 0):
 garbage-first heap   total 162816K, used 130842K [0x0000000080000000, 0x0000000100000000)
  region size 1024K, 47 young (48128K), 4 survivors (4096K)
 Metaspace       used 73212K, committed 73920K, reserved 491520K
  class space    used 10174K, committed 10496K, reserved 425984K
}
Event: 52.504 GC heap after
{Heap after GC invocations=36 (full 0):
 garbage-first heap   total 162816K, used 83296K [0x0000000080000000, 0x0000000100000000)
  region size 1024K, 6 young (6144K), 6 survivors (6144K)
 Metaspace       used 73212K, committed 73920K, reserved 491520K
  class space    used 10174K, committed 10496K, reserved 425984K
}
Event: 52.625 GC heap before
{Heap before GC invocations=36 (full 0):
 garbage-first heap   total 162816K, used 84320K [0x0000000080000000, 0x0000000100000000)
  region size 1024K, 7 young (7168K), 6 survivors (6144K)
 Metaspace       used 73290K, committed 73984K, reserved 491520K
  class space    used 10184K, committed 10496K, reserved 425984K
}
Event: 52.629 GC heap after
{Heap after GC invocations=37 (full 0):
 garbage-first heap   total 162816K, used 83802K [0x0000000080000000, 0x0000000100000000)
  region size 1024K, 1 young (1024K), 1 survivors (1024K)
 Metaspace       used 73290K, committed 73984K, reserved 491520K
  class space    used 10184K, committed 10496K, reserved 425984K
}
Event: 54.055 GC heap before
{Heap before GC invocations=37 (full 0):
 garbage-first heap   total 162816K, used 131930K [0x0000000080000000, 0x0000000100000000)
  region size 1024K, 48 young (49152K), 1 survivors (1024K)
 Metaspace       used 76903K, committed 77696K, reserved 557056K
  class space    used 10647K, committed 11008K, reserved 425984K
}
Event: 54.058 GC heap after
{Heap after GC invocations=38 (full 0):
 garbage-first heap   total 162816K, used 85163K [0x0000000080000000, 0x0000000100000000)
  region size 1024K, 3 young (3072K), 3 survivors (3072K)
 Metaspace       used 76903K, committed 77696K, reserved 557056K
  class space    used 10647K, committed 11008K, reserved 425984K
}

Dll operation events (14 events):
Event: 0.007 Loaded shared library C:\Program Files\Microsoft\jdk-17.0.8.7-hotspot\bin\java.dll
Event: 0.028 Loaded shared library C:\Program Files\Microsoft\jdk-17.0.8.7-hotspot\bin\jsvml.dll
Event: 0.096 Loaded shared library C:\Program Files\Microsoft\jdk-17.0.8.7-hotspot\bin\zip.dll
Event: 0.099 Loaded shared library C:\Program Files\Microsoft\jdk-17.0.8.7-hotspot\bin\instrument.dll
Event: 0.103 Loaded shared library C:\Program Files\Microsoft\jdk-17.0.8.7-hotspot\bin\net.dll
Event: 0.104 Loaded shared library C:\Program Files\Microsoft\jdk-17.0.8.7-hotspot\bin\nio.dll
Event: 0.108 Loaded shared library C:\Program Files\Microsoft\jdk-17.0.8.7-hotspot\bin\zip.dll
Event: 0.353 Loaded shared library C:\Program Files\Microsoft\jdk-17.0.8.7-hotspot\bin\jimage.dll
Event: 0.420 Loaded shared library C:\Program Files\Microsoft\jdk-17.0.8.7-hotspot\bin\verify.dll
Event: 0.661 Loaded shared library C:\Users\1more.attempt\.gradle\native\68d5fa5c4cc2d200863cafc0d521ce42e7d3e7ee720ec0a83991735586a16f82\windows-amd64\native-platform.dll
Event: 0.666 Loaded shared library C:\Users\1more.attempt\.gradle\native\e376f236ea51e6404a007f0833ffe2c6e607c4080706a723a18a27aeea778392\windows-amd64\native-platform-file-events.dll
Event: 1.818 Loaded shared library C:\Program Files\Microsoft\jdk-17.0.8.7-hotspot\bin\management.dll
Event: 1.821 Loaded shared library C:\Program Files\Microsoft\jdk-17.0.8.7-hotspot\bin\management_ext.dll
Event: 2.573 Loaded shared library C:\Program Files\Microsoft\jdk-17.0.8.7-hotspot\bin\sunmscapi.dll

Deoptimization events (20 events):
Event: 53.594 Thread 0x0000015a1b260090 Uncommon trap: trap_request=0xffffff45 fr.pc=0x0000015a6b133314 relative=0x0000000000001814
Event: 53.594 Thread 0x0000015a1b260090 Uncommon trap: reason=unstable_if action=reinterpret pc=0x0000015a6b133314 method=sun.net.www.protocol.jar.Handler.parseURL(Ljava/net/URL;Ljava/lang/String;II)V @ 116 c2
Event: 53.594 Thread 0x0000015a1b260090 DEOPT PACKING pc=0x0000015a6b133314 sp=0x0000003a81bf3f30
Event: 53.594 Thread 0x0000015a1b260090 DEOPT UNPACKING pc=0x0000015a6a8c69a3 sp=0x0000003a81bf3ec0 mode 2
Event: 53.896 Thread 0x0000015a1b260090 Uncommon trap: trap_request=0xffffff45 fr.pc=0x0000015a6b20e3e0 relative=0x00000000000006e0
Event: 53.896 Thread 0x0000015a1b260090 Uncommon trap: reason=unstable_if action=reinterpret pc=0x0000015a6b20e3e0 method=org.apache.commons.io.FilenameUtils.doNormalize(Ljava/lang/String;CZ)Ljava/lang/String; @ 226 c2
Event: 53.896 Thread 0x0000015a1b260090 DEOPT PACKING pc=0x0000015a6b20e3e0 sp=0x0000003a81bf4370
Event: 53.896 Thread 0x0000015a1b260090 DEOPT UNPACKING pc=0x0000015a6a8c69a3 sp=0x0000003a81bf4308 mode 2
Event: 53.948 Thread 0x0000015a1b260090 Uncommon trap: trap_request=0xffffffc6 fr.pc=0x0000015a6b0f93f8 relative=0x0000000000000258
Event: 53.948 Thread 0x0000015a1b260090 Uncommon trap: reason=bimorphic_or_optimized_type_check action=maybe_recompile pc=0x0000015a6b0f93f8 method=java.util.stream.StreamOpFlag.fromCharacteristics(Ljava/util/Spliterator;)I @ 14 c2
Event: 53.948 Thread 0x0000015a1b260090 DEOPT PACKING pc=0x0000015a6b0f93f8 sp=0x0000003a81bf3b30
Event: 53.948 Thread 0x0000015a1b260090 DEOPT UNPACKING pc=0x0000015a6a8c69a3 sp=0x0000003a81bf3a18 mode 2
Event: 54.015 Thread 0x0000015a1b260090 Uncommon trap: trap_request=0xffffffc6 fr.pc=0x0000015a6b0961d0 relative=0x0000000000000230
Event: 54.015 Thread 0x0000015a1b260090 Uncommon trap: reason=bimorphic_or_optimized_type_check action=maybe_recompile pc=0x0000015a6b0961d0 method=java.util.stream.StreamOpFlag.fromCharacteristics(Ljava/util/Spliterator;)I @ 14 c2
Event: 54.015 Thread 0x0000015a1b260090 DEOPT PACKING pc=0x0000015a6b0961d0 sp=0x0000003a81bf3a80
Event: 54.015 Thread 0x0000015a1b260090 DEOPT UNPACKING pc=0x0000015a6a8c69a3 sp=0x0000003a81bf39d0 mode 2
Event: 54.193 Thread 0x0000015a1b260090 Uncommon trap: trap_request=0xffffff45 fr.pc=0x0000015a6ae9b400 relative=0x0000000000000440
Event: 54.193 Thread 0x0000015a1b260090 Uncommon trap: reason=unstable_if action=reinterpret pc=0x0000015a6ae9b400 method=java.util.StringJoiner.add(Ljava/lang/CharSequence;)Ljava/util/StringJoiner; @ 33 c2
Event: 54.193 Thread 0x0000015a1b260090 DEOPT PACKING pc=0x0000015a6ae9b400 sp=0x0000003a81bf3350
Event: 54.193 Thread 0x0000015a1b260090 DEOPT UNPACKING pc=0x0000015a6a8c69a3 sp=0x0000003a81bf3300 mode 2

Classes unloaded (0 events):
No events

Classes redefined (0 events):
No events

Internal exceptions (20 events):
Event: 53.804 Thread 0x0000015a1b260090 Exception <a 'java/lang/ClassNotFoundException'{0x000000008731c2b0}: org/jetbrains/kotlin/gradle/targets/js/npm/DefaultNpmDependencyExtensionBeanInfo> (0x000000008731c2b0) 
thrown [s\src\hotspot\share\classfile\systemDictionary.cpp, line 256]
Event: 53.804 Thread 0x0000015a1b260090 Exception <a 'java/lang/ClassNotFoundException'{0x00000000873273d0}: org/jetbrains/kotlin/gradle/targets/js/npm/DefaultNpmDependencyExtensionCustomizer> (0x00000000873273d0) 
thrown [s\src\hotspot\share\classfile\systemDictionary.cpp, line 256]
Event: 53.809 Thread 0x0000015a1b260090 Exception <a 'java/lang/ClassNotFoundException'{0x00000000873a8cd8}: org/jetbrains/kotlin/gradle/targets/js/npm/NpmDependencyExtensionKt$defaultNpmDependencyDelegate$1BeanInfo> (0x00000000873a8cd8) 
thrown [s\src\hotspot\share\classfile\systemDictionary.cpp, line 256]
Event: 53.809 Thread 0x0000015a1b260090 Exception <a 'java/lang/ClassNotFoundException'{0x00000000873b3e40}: org/jetbrains/kotlin/gradle/targets/js/npm/NpmDependencyExtensionDelegateBeanInfo> (0x00000000873b3e40) 
thrown [s\src\hotspot\share\classfile\systemDictionary.cpp, line 256]
Event: 53.811 Thread 0x0000015a1b260090 Exception <a 'java/lang/ClassNotFoundException'{0x00000000873bef70}: org/jetbrains/kotlin/gradle/targets/js/npm/NpmDependencyExtensionDelegateCustomizer> (0x00000000873bef70) 
thrown [s\src\hotspot\share\classfile\systemDictionary.cpp, line 256]
Event: 53.812 Thread 0x0000015a1b260090 Exception <a 'java/lang/ClassNotFoundException'{0x00000000873e5450}: org/jetbrains/kotlin/gradle/targets/js/npm/NpmDependencyExtensionKt$defaultNpmDependencyDelegate$1Customizer> (0x00000000873e5450) 
thrown [s\src\hotspot\share\classfile\systemDictionary.cpp, line 256]
Event: 53.815 Thread 0x0000015a1b260090 Exception <a 'java/lang/ClassNotFoundException'{0x000000008721e5f0}: org/jetbrains/kotlin/gradle/targets/js/npm/DefaultDevNpmDependencyExtensionBeanInfo> (0x000000008721e5f0) 
thrown [s\src\hotspot\share\classfile\systemDictionary.cpp, line 256]
Event: 53.816 Thread 0x0000015a1b260090 Exception <a 'java/lang/ClassNotFoundException'{0x0000000087229720}: org/jetbrains/kotlin/gradle/targets/js/npm/DefaultDevNpmDependencyExtensionCustomizer> (0x0000000087229720) 
thrown [s\src\hotspot\share\classfile\systemDictionary.cpp, line 256]
Event: 53.865 Thread 0x0000015a1b260090 Exception <a 'java/lang/ClassNotFoundException'{0x00000000872682e0}: org/jetbrains/kotlin/gradle/targets/js/npm/DefaultPeerNpmDependencyExtensionBeanInfo> (0x00000000872682e0) 
thrown [s\src\hotspot\share\classfile\systemDictionary.cpp, line 256]
Event: 53.866 Thread 0x0000015a1b260090 Exception <a 'java/lang/ClassNotFoundException'{0x0000000087273438}: org/jetbrains/kotlin/gradle/targets/js/npm/DefaultPeerNpmDependencyExtensionCustomizer> (0x0000000087273438) 
thrown [s\src\hotspot\share\classfile\systemDictionary.cpp, line 256]
Event: 53.870 Thread 0x0000015a1b260090 Exception <a 'java/lang/ClassNotFoundException'{0x00000000872b8eb8}: org/jetbrains/kotlin/gradle/targets/js/npm/DefaultPeerNpmDependencyExtension$delegate$1BeanInfo> (0x00000000872b8eb8) 
thrown [s\src\hotspot\share\classfile\systemDictionary.cpp, line 256]
Event: 53.870 Thread 0x0000015a1b260090 Exception <a 'java/lang/ClassNotFoundException'{0x00000000872c41a8}: org/jetbrains/kotlin/gradle/targets/js/npm/DefaultPeerNpmDependencyExtension$delegate$1Customizer> (0x00000000872c41a8) 
thrown [s\src\hotspot\share\classfile\systemDictionary.cpp, line 256]
Event: 54.189 Thread 0x0000015a1b260090 Exception <a 'java/lang/ClassNotFoundException'{0x00000000913c7a88}: com/android/build/gradle/internal/dsl/BaseAppModuleExtension_DecoratedBeanInfo> (0x00000000913c7a88) 
thrown [s\src\hotspot\share\classfile\systemDictionary.cpp, line 256]
Event: 54.190 Thread 0x0000015a1b260090 Exception <a 'java/lang/ClassNotFoundException'{0x00000000913d66d0}: com/android/build/gradle/internal/dsl/BaseAppModuleExtensionBeanInfo> (0x00000000913d66d0) 
thrown [s\src\hotspot\share\classfile\systemDictionary.cpp, line 256]
Event: 54.190 Thread 0x0000015a1b260090 Exception <a 'java/lang/ClassNotFoundException'{0x00000000913e4ea0}: com/android/build/gradle/AppExtensionBeanInfo> (0x00000000913e4ea0) 
thrown [s\src\hotspot\share\classfile\systemDictionary.cpp, line 256]
Event: 54.191 Thread 0x0000015a1b260090 Exception <a 'java/lang/ClassNotFoundException'{0x00000000913f3a10}: com/android/build/gradle/AbstractAppExtensionBeanInfo> (0x00000000913f3a10) 
thrown [s\src\hotspot\share\classfile\systemDictionary.cpp, line 256]
Event: 54.191 Thread 0x0000015a1b260090 Exception <a 'java/lang/ClassNotFoundException'{0x0000000091203770}: com/android/build/gradle/TestedExtensionBeanInfo> (0x0000000091203770) 
thrown [s\src\hotspot\share\classfile\systemDictionary.cpp, line 256]
Event: 54.192 Thread 0x0000015a1b260090 Exception <a 'java/lang/ClassNotFoundException'{0x0000000091212f50}: com/android/build/gradle/BaseExtensionBeanInfo> (0x0000000091212f50) 
thrown [s\src\hotspot\share\classfile\systemDictionary.cpp, line 256]
Event: 54.192 Thread 0x0000015a1b260090 Exception <a 'java/lang/ClassNotFoundException'{0x0000000091222a20}: com/android/build/gradle/BaseExtensionCustomizer> (0x0000000091222a20) 
thrown [s\src\hotspot\share\classfile\systemDictionary.cpp, line 256]
Event: 54.195 Thread 0x0000015a1b260090 Exception <a 'java/lang/ClassNotFoundException'{0x0000000091289eb8}: com/android/build/gradle/TestedExtensionCustomizer> (0x0000000091289eb8) 
thrown [s\src\hotspot\share\classfile\systemDictionary.cpp, line 256]

VM Operations (20 events):
Event: 51.524 Executing VM operation: G1PauseCleanup
Event: 51.524 Executing VM operation: G1PauseCleanup done
Event: 52.500 Executing VM operation: G1CollectForAllocation
Event: 52.504 Executing VM operation: G1CollectForAllocation done
Event: 52.625 Executing VM operation: G1CollectForAllocation
Event: 52.629 Executing VM operation: G1CollectForAllocation done
Event: 52.643 Executing VM operation: HandshakeAllThreads
Event: 52.643 Executing VM operation: HandshakeAllThreads done
Event: 52.778 Executing VM operation: HandshakeAllThreads
Event: 52.779 Executing VM operation: HandshakeAllThreads done
Event: 53.012 Executing VM operation: HandshakeAllThreads
Event: 53.013 Executing VM operation: HandshakeAllThreads done
Event: 53.657 Executing VM operation: ICBufferFull
Event: 53.657 Executing VM operation: ICBufferFull done
Event: 54.055 Executing VM operation: G1CollectForAllocation
Event: 54.058 Executing VM operation: G1CollectForAllocation done
Event: 54.142 Executing VM operation: G1PauseRemark
Event: 54.146 Executing VM operation: G1PauseRemark done
Event: 54.188 Executing VM operation: G1PauseCleanup
Event: 54.188 Executing VM operation: G1PauseCleanup done

Events (20 events):
Event: 53.022 Thread 0x0000015a79c0e860 flushing nmethod 0x0000015a642d6c90
Event: 53.022 Thread 0x0000015a79c0e860 flushing nmethod 0x0000015a642e1a10
Event: 53.022 Thread 0x0000015a79c0e860 flushing nmethod 0x0000015a642e2010
Event: 53.022 Thread 0x0000015a79c0e860 flushing nmethod 0x0000015a642e2590
Event: 53.022 Thread 0x0000015a79c0e860 flushing nmethod 0x0000015a642e2990
Event: 53.022 Thread 0x0000015a79c0e860 flushing nmethod 0x0000015a642e3010
Event: 53.022 Thread 0x0000015a79c0e860 flushing nmethod 0x0000015a642e7890
Event: 53.022 Thread 0x0000015a79c0e860 flushing nmethod 0x0000015a642e8710
Event: 53.022 Thread 0x0000015a79c0e860 flushing nmethod 0x0000015a642eb790
Event: 53.022 Thread 0x0000015a79c0e860 flushing nmethod 0x0000015a642ec490
Event: 53.022 Thread 0x0000015a79c0e860 flushing nmethod 0x0000015a642ed010
Event: 53.022 Thread 0x0000015a79c0e860 flushing nmethod 0x0000015a642f7190
Event: 53.022 Thread 0x0000015a79c0e860 flushing nmethod 0x0000015a64305810
Event: 53.022 Thread 0x0000015a79c0e860 flushing nmethod 0x0000015a64306690
Event: 53.022 Thread 0x0000015a79c0e860 flushing nmethod 0x0000015a64327010
Event: 53.022 Thread 0x0000015a79c0e860 flushing nmethod 0x0000015a64329110
Event: 53.022 Thread 0x0000015a79c0e860 flushing nmethod 0x0000015a64334690
Event: 53.942 loading class java/util/regex/Pattern$Pos
Event: 53.942 loading class java/util/regex/Pattern$Pos done
Event: 54.148 Thread 0x0000015a1d569010 Thread added: 0x0000015a1d569010


Dynamic libraries:
0x00007ff785a70000 - 0x00007ff785a7e000 	C:\Program Files\Microsoft\jdk-17.0.8.7-hotspot\bin\java.exe
0x00007ffb1ae90000 - 0x00007ffb1b088000 	C:\Windows\SYSTEM32\ntdll.dll
0x00007ffb18fa0000 - 0x00007ffb1905d000 	C:\Windows\System32\KERNEL32.DLL
0x00007ffb18800000 - 0x00007ffb18af6000 	C:\Windows\System32\KERNELBASE.dll
0x00007ffb18700000 - 0x00007ffb18800000 	C:\Windows\System32\ucrtbase.dll
0x00007ffb07700000 - 0x00007ffb07717000 	C:\Program Files\Microsoft\jdk-17.0.8.7-hotspot\bin\jli.dll
0x00007ffb063d0000 - 0x00007ffb063eb000 	C:\Program Files\Microsoft\jdk-17.0.8.7-hotspot\bin\VCRUNTIME140.dll
0x00007ffb195c0000 - 0x00007ffb1975e000 	C:\Windows\System32\USER32.dll
0x00007ffb18df0000 - 0x00007ffb18e12000 	C:\Windows\System32\win32u.dll
0x00007ffb19190000 - 0x00007ffb191bb000 	C:\Windows\System32\GDI32.dll
0x00007ffafb4e0000 - 0x00007ffafb77a000 	C:\Windows\WinSxS\amd64_microsoft.windows.common-controls_6595b64144ccf1df_6.0.19041.3636_none_60b6a03d71f818d5\COMCTL32.dll
0x00007ffb185e0000 - 0x00007ffb186f7000 	C:\Windows\System32\gdi32full.dll
0x00007ffb18540000 - 0x00007ffb185dd000 	C:\Windows\System32\msvcp_win.dll
0x00007ffb19f90000 - 0x00007ffb1a02e000 	C:\Windows\System32\msvcrt.dll
0x00007ffb1a150000 - 0x00007ffb1a182000 	C:\Windows\System32\IMM32.DLL
0x00007ffb141c0000 - 0x00007ffb141cc000 	C:\Program Files\Microsoft\jdk-17.0.8.7-hotspot\bin\vcruntime140_1.dll
0x00007ffaff870000 - 0x00007ffaff8fd000 	C:\Program Files\Microsoft\jdk-17.0.8.7-hotspot\bin\msvcp140.dll
0x00007ffa76000000 - 0x00007ffa76c65000 	C:\Program Files\Microsoft\jdk-17.0.8.7-hotspot\bin\server\jvm.dll
0x00007ffb1a7c0000 - 0x00007ffb1a870000 	C:\Windows\System32\ADVAPI32.dll
0x00007ffb19520000 - 0x00007ffb195c0000 	C:\Windows\System32\sechost.dll
0x00007ffb1a240000 - 0x00007ffb1a365000 	C:\Windows\System32\RPCRT4.dll
0x00007ffb18e90000 - 0x00007ffb18eb7000 	C:\Windows\System32\bcrypt.dll
0x00007ffb13f40000 - 0x00007ffb13f49000 	C:\Windows\SYSTEM32\WSOCK32.dll
0x00007ffb17aa0000 - 0x00007ffb17aeb000 	C:\Windows\SYSTEM32\POWRPROF.dll
0x00007ffb1a970000 - 0x00007ffb1a9db000 	C:\Windows\System32\WS2_32.dll
0x00007ffb0c9d0000 - 0x00007ffb0c9f7000 	C:\Windows\SYSTEM32\WINMM.dll
0x00007ffb0e800000 - 0x00007ffb0e80a000 	C:\Windows\SYSTEM32\VERSION.dll
0x00007ffb17910000 - 0x00007ffb17922000 	C:\Windows\SYSTEM32\UMPDC.dll
0x00007ffb163d0000 - 0x00007ffb163e2000 	C:\Windows\SYSTEM32\kernel.appcore.dll
0x00007ffb0f9e0000 - 0x00007ffb0f9ea000 	C:\Program Files\Microsoft\jdk-17.0.8.7-hotspot\bin\jimage.dll
0x00007ffb0fea0000 - 0x00007ffb10084000 	C:\Windows\SYSTEM32\DBGHELP.DLL
0x00007ffb01700000 - 0x00007ffb01734000 	C:\Windows\SYSTEM32\dbgcore.DLL
0x00007ffb18b00000 - 0x00007ffb18b82000 	C:\Windows\System32\bcryptPrimitives.dll
0x00007ffb0fd60000 - 0x00007ffb0fd6e000 	C:\Program Files\Microsoft\jdk-17.0.8.7-hotspot\bin\instrument.dll
0x00007ffb036a0000 - 0x00007ffb036c5000 	C:\Program Files\Microsoft\jdk-17.0.8.7-hotspot\bin\java.dll
0x00007ffab13f0000 - 0x00007ffab14c7000 	C:\Program Files\Microsoft\jdk-17.0.8.7-hotspot\bin\jsvml.dll
0x00007ffb19820000 - 0x00007ffb19f8b000 	C:\Windows\System32\SHELL32.dll
0x00007ffb165d0000 - 0x00007ffb16d6e000 	C:\Windows\SYSTEM32\windows.storage.dll
0x00007ffb1a400000 - 0x00007ffb1a753000 	C:\Windows\System32\combase.dll
0x00007ffb17e90000 - 0x00007ffb17ebe000 	C:\Windows\SYSTEM32\Wldp.dll
0x00007ffb18ed0000 - 0x00007ffb18f9d000 	C:\Windows\System32\OLEAUT32.dll
0x00007ffb1a190000 - 0x00007ffb1a23d000 	C:\Windows\System32\SHCORE.dll
0x00007ffb1a760000 - 0x00007ffb1a7b5000 	C:\Windows\System32\shlwapi.dll
0x00007ffb18470000 - 0x00007ffb18495000 	C:\Windows\SYSTEM32\profapi.dll
0x00007ffb02940000 - 0x00007ffb02958000 	C:\Program Files\Microsoft\jdk-17.0.8.7-hotspot\bin\zip.dll
0x00007ffb063b0000 - 0x00007ffb063c9000 	C:\Program Files\Microsoft\jdk-17.0.8.7-hotspot\bin\net.dll
0x00007ffb11fe0000 - 0x00007ffb120ea000 	C:\Windows\SYSTEM32\WINHTTP.dll
0x00007ffb17c70000 - 0x00007ffb17cda000 	C:\Windows\system32\mswsock.dll
0x00007ffb05d60000 - 0x00007ffb05d76000 	C:\Program Files\Microsoft\jdk-17.0.8.7-hotspot\bin\nio.dll
0x00007ffb076f0000 - 0x00007ffb07700000 	C:\Program Files\Microsoft\jdk-17.0.8.7-hotspot\bin\verify.dll
0x00007ffb01110000 - 0x00007ffb01137000 	C:\Users\1more.attempt\.gradle\native\68d5fa5c4cc2d200863cafc0d521ce42e7d3e7ee720ec0a83991735586a16f82\windows-amd64\native-platform.dll
0x00007ffab1590000 - 0x00007ffab16d4000 	C:\Users\1more.attempt\.gradle\native\e376f236ea51e6404a007f0833ffe2c6e607c4080706a723a18a27aeea778392\windows-amd64\native-platform-file-events.dll
0x00007ffb06460000 - 0x00007ffb06469000 	C:\Program Files\Microsoft\jdk-17.0.8.7-hotspot\bin\management.dll
0x00007ffb05d10000 - 0x00007ffb05d1b000 	C:\Program Files\Microsoft\jdk-17.0.8.7-hotspot\bin\management_ext.dll
0x00007ffb19810000 - 0x00007ffb19818000 	C:\Windows\System32\PSAPI.DLL
0x00007ffb181e0000 - 0x00007ffb181f8000 	C:\Windows\SYSTEM32\CRYPTSP.dll
0x00007ffb174f0000 - 0x00007ffb17524000 	C:\Windows\system32\rsaenh.dll
0x00007ffb183f0000 - 0x00007ffb1841e000 	C:\Windows\SYSTEM32\USERENV.dll
0x00007ffb17e00000 - 0x00007ffb17e0c000 	C:\Windows\SYSTEM32\CRYPTBASE.dll
0x00007ffb17930000 - 0x00007ffb1796b000 	C:\Windows\SYSTEM32\IPHLPAPI.DLL
0x00007ffb19220000 - 0x00007ffb19228000 	C:\Windows\System32\NSI.dll
0x00007ffb12bc0000 - 0x00007ffb12bd7000 	C:\Windows\SYSTEM32\dhcpcsvc6.DLL
0x00007ffb12670000 - 0x00007ffb1268d000 	C:\Windows\SYSTEM32\dhcpcsvc.DLL
0x00007ffb17970000 - 0x00007ffb17a3b000 	C:\Windows\SYSTEM32\DNSAPI.dll
0x00007ffb0fd50000 - 0x00007ffb0fd5e000 	C:\Program Files\Microsoft\jdk-17.0.8.7-hotspot\bin\sunmscapi.dll
0x00007ffb18be0000 - 0x00007ffb18d3d000 	C:\Windows\System32\CRYPT32.dll
0x00007ffb17f00000 - 0x00007ffb17f28000 	C:\Windows\SYSTEM32\ncrypt.dll
0x00007ffb17ec0000 - 0x00007ffb17efb000 	C:\Windows\SYSTEM32\NTASN1.dll
0x00007ffb13f50000 - 0x00007ffb13f57000 	C:\Windows\system32\wshunix.dll
0x00007ffb11600000 - 0x00007ffb11617000 	C:\Windows\system32\napinsp.dll
0x00007ffb06860000 - 0x00007ffb0687b000 	C:\Windows\system32\pnrpnsp.dll
0x00007ffaf93e0000 - 0x00007ffaf93f5000 	C:\Windows\system32\wshbth.dll
0x00007ffb13e90000 - 0x00007ffb13ead000 	C:\Windows\system32\NLAapi.dll
0x00007ffb05fc0000 - 0x00007ffb05fd2000 	C:\Windows\System32\winrnr.dll
0x00007ffb0fd20000 - 0x00007ffb0fd2a000 	C:\Windows\System32\rasadhlp.dll
0x00007ffb11a90000 - 0x00007ffb11b10000 	C:\Windows\System32\fwpuclnt.dll

dbghelp: loaded successfully - version: 4.0.5 - missing functions: none
symbol engine: initialized successfully - sym options: 0x614 - pdb path: .;C:\Program Files\Microsoft\jdk-17.0.8.7-hotspot\bin;C:\Windows\SYSTEM32;C:\Windows\WinSxS\amd64_microsoft.windows.common-controls_6595b64144ccf1df_6.0.19041.3636_none_60b6a03d71f818d5;C:\Program Files\Microsoft\jdk-17.0.8.7-hotspot\bin\server;C:\Users\1more.attempt\.gradle\native\68d5fa5c4cc2d200863cafc0d521ce42e7d3e7ee720ec0a83991735586a16f82\windows-amd64;C:\Users\1more.attempt\.gradle\native\e376f236ea51e6404a007f0833ffe2c6e607c4080706a723a18a27aeea778392\windows-amd64

VM Arguments:
jvm_args: -XX:MaxMetaspaceSize=512m --add-opens=java.base/java.util=ALL-UNNAMED --add-opens=java.base/java.lang=ALL-UNNAMED --add-opens=java.base/java.lang.invoke=ALL-UNNAMED --add-opens=java.prefs/java.util.prefs=ALL-UNNAMED --add-opens=java.base/java.nio.charset=ALL-UNNAMED --add-opens=java.base/java.net=ALL-UNNAMED --add-opens=java.base/java.util.concurrent.atomic=ALL-UNNAMED -Xmx2048m -Dfile.encoding=windows-1251 -Duser.country=US -Duser.language=en -Duser.variant -javaagent:C:\Users\1more.attempt\.gradle\wrapper\dists\gradle-8.3-all\6en3ugtfdg5xnpx44z4qbwgas\gradle-8.3\lib\agents\gradle-instrumentation-agent-8.3.jar 
java_command: org.gradle.launcher.daemon.bootstrap.GradleDaemon 8.3
java_class_path (initial): C:\Users\1more.attempt\.gradle\wrapper\dists\gradle-8.3-all\6en3ugtfdg5xnpx44z4qbwgas\gradle-8.3\lib\gradle-launcher-8.3.jar
Launcher Type: SUN_STANDARD

[Global flags]
     intx CICompilerCount                          = 3                                         {product} {ergonomic}
   size_t CompressedClassSpaceSize                 = 436207616                                 {product} {ergonomic}
     uint ConcGCThreads                            = 1                                         {product} {ergonomic}
     uint G1ConcRefinementThreads                  = 4                                         {product} {ergonomic}
   size_t G1HeapRegionSize                         = 1048576                                   {product} {ergonomic}
    uintx GCDrainStackTargetSize                   = 64                                        {product} {ergonomic}
   size_t InitialHeapSize                          = 402653184                                 {product} {ergonomic}
   size_t MarkStackSize                            = 4194304                                   {product} {ergonomic}
   size_t MaxHeapSize                              = 2147483648                                {product} {command line}
   size_t MaxMetaspaceSize                         = 536870912                                 {product} {command line}
   size_t MaxNewSize                               = 1287651328                                {product} {ergonomic}
   size_t MinHeapDeltaBytes                        = 1048576                                   {product} {ergonomic}
   size_t MinHeapSize                              = 8388608                                   {product} {ergonomic}
    uintx NonNMethodCodeHeapSize                   = 5832780                                {pd product} {ergonomic}
    uintx NonProfiledCodeHeapSize                  = 122912730                              {pd product} {ergonomic}
    uintx ProfiledCodeHeapSize                     = 122912730                              {pd product} {ergonomic}
    uintx ReservedCodeCacheSize                    = 251658240                              {pd product} {ergonomic}
     bool SegmentedCodeCache                       = true                                      {product} {ergonomic}
   size_t SoftMaxHeapSize                          = 2147483648                             {manageable} {ergonomic}
     bool UseCompressedClassPointers               = true                           {product lp64_product} {ergonomic}
     bool UseCompressedOops                        = true                           {product lp64_product} {ergonomic}
     bool UseG1GC                                  = true                                      {product} {ergonomic}
     bool UseLargePagesIndividualAllocation        = false                                  {pd product} {ergonomic}

Logging:
Log output configuration:
 #0: stdout all=warning uptime,level,tags
 #1: stderr all=off uptime,level,tags

Environment Variables:
JAVA_HOME=C:\Program Files\Microsoft\jdk-17.0.8.7-hotspot\
CLASSPATH=C:\Users\1more.attempt\Desktop\agroex\ITA-Labs-2024-T3-Mobile\android\\gradle\wrapper\gradle-wrapper.jar
PATH=C:\Users\1more.attempt\Desktop\agroex\ITA-Labs-2024-T3-Mobile\node_modules\.bin;C:\Users\1more.attempt\Desktop\agroex\ITA-Labs-2024-T3-Mobile\node_modules\.bin;C:\Users\1more.attempt\Desktop\agroex\node_modules\.bin;C:\Users\1more.attempt\Desktop\node_modules\.bin;C:\Users\1more.attempt\node_modules\.bin;C:\Users\node_modules\.bin;C:\node_modules\.bin;C:\Users\1more.attempt\Desktop\agroex\ITA-Labs-2024-T3-Mobile\node_modules\npm\node_modules\@npmcli\run-script\lib\node-gyp-bin;C:\Users\1more.attempt\Desktop\agroex\ITA-Labs-2024-T3-Mobile\node_modules\.bin;C:\Users\1more.attempt\Desktop\agroex\node_modules\.bin;C:\Users\1more.attempt\Desktop\node_modules\.bin;C:\Users\1more.attempt\node_modules\.bin;C:\Users\node_modules\.bin;C:\node_modules\.bin;C:\Program Files\nodejs\node_modules\npm\node_modules\@npmcli\run-script\lib\node-gyp-bin;C:\Program Files\Microsoft\jdk-17.0.8.7-hotspot\bin;C:\Program Files (x86)\Intel\iCLS Client\;C:\Program Files\Intel\iCLS Client\;C:\Windows\system32;C:\Windows;C:\Windows\System32\Wbem;C:\Windows\System32\WindowsPowerShell\v1.0\;C:\Windows\System32\OpenSSH\;C:\Program Files (x86)\Intel\Intel(R) Management Engine Components\DAL;C:\Program Files\Intel\Intel(R) Management Engine Components\DAL;C:\Program Files (x86)\Intel\Intel(R) Management Engine Components\IPT;C:\Program Files\Intel\Intel(R) Management Engine Components\IPT;C:\Program Files\Git\cmd;C:\Program Files\Microsoft VS Code\bin;C:\ProgramData\chocolatey\bin;C:\Program Files\nodejs\;C:\Program Files\OpenSSL-Win64\bin;C:\Users\1more.attempt\AppData\Local\Microsoft\WindowsApps;C:\Users\1more.attempt\AppData\Roaming\npm;C:\Users\1more.attempt\AppData\Local\Android\Sdk\platform-tools;
USERNAME=1more.attempt
LANG=en_US.UTF-8
OS=Windows_NT
PROCESSOR_IDENTIFIER=Intel64 Family 6 Model 58 Stepping 9, GenuineIntel
TMP=C:\Users\1MORE~1.ATT\AppData\Local\Temp
TEMP=C:\Users\1MORE~1.ATT\AppData\Local\Temp



---------------  S Y S T E M  ---------------

OS:
 Windows 10 , 64 bit Build 19041 (10.0.19041.3636)
OS uptime: 3 days 21:57 hours
Hyper-V role detected

CPU: total 4 (initial active 4) (4 cores per cpu, 1 threads per core) family 6 model 58 stepping 9 microcode 0x21, cx8, cmov, fxsr, mmx, sse, sse2, sse3, ssse3, sse4.1, sse4.2, popcnt, tsc, tscinvbit, avx, aes, erms, clmul, vzeroupper, clflush, hv
Processor Information for all 4 processors :
  Max Mhz: 3201, Current Mhz: 3201, Mhz Limit: 3201

Memory: 4k page, system-wide physical 24453M (2312M free)
TotalPageFile size 24453M (AvailPageFile size 5M)
current process WorkingSet (physical memory assigned to process): 395M, peak: 395M
current process commit charge ("private bytes"): 429M, peak: 544M

vm_info: OpenJDK 64-Bit Server VM (17.0.8+7-LTS) for windows-amd64 JRE (17.0.8+7-LTS), built on Jul  7 2023 17:21:55 by "MicrosoftCorporation" with MS VC++ 16.10 / 16.11 (VS2019)

END.
